[2018-12-25 11:44:37.086][Thread-34][INFO][org.springframework.context.support.AbstractApplicationContext][991]:Closing org.springframework.boot.web.servlet.context.AnnotationConfigServletWebServerApplicationContext@1a331a4b: startup date [Mon Dec 24 23:14:22 CST 2018]; root of context hierarchy
[2018-12-25 11:44:37.086][Thread-34][INFO][org.springframework.context.support.AbstractApplicationContext][991]:Closing org.springframework.boot.web.servlet.context.AnnotationConfigServletWebServerApplicationContext@1a331a4b: startup date [Mon Dec 24 23:14:22 CST 2018]; root of context hierarchy
[2018-12-25 11:44:37.107][Thread-34][INFO][org.springframework.jmx.export.MBeanExporter][451]:Unregistering JMX-exposed beans on shutdown
[2018-12-25 11:44:37.107][Thread-34][INFO][org.springframework.jmx.export.MBeanExporter][451]:Unregistering JMX-exposed beans on shutdown
[2018-12-25 11:44:37.108][Thread-34][INFO][org.springframework.jmx.support.MBeanRegistrationSupport][185]:Unregistering JMX-exposed beans
[2018-12-25 11:44:37.108][Thread-34][INFO][org.springframework.jmx.support.MBeanRegistrationSupport][185]:Unregistering JMX-exposed beans
[2018-12-25 11:44:37.109][Thread-34][INFO][com.alibaba.druid.pool.DruidDataSource][1823]:{dataSource-6} closed
[2018-12-25 11:44:37.845][restartedMain][INFO][org.springframework.boot.StartupInfoLogger][50]:Starting QinZhiJieStarter on DESKTOP-1BCMDRV with PID 14048 (C:\gysgong\waikuai_git\qinzhijie\qinZhiJie\target\classes started by YuanSongGong in C:\gysgong\waikuai_git\qinzhijie\qinZhiJie)
[2018-12-25 11:44:37.847][restartedMain][INFO][org.springframework.boot.SpringApplication][654]:No active profile set, falling back to default profiles: default
[2018-12-25 11:44:37.859][restartedMain][INFO][org.springframework.context.support.AbstractApplicationContext][588]:Refreshing org.springframework.boot.web.servlet.context.AnnotationConfigServletWebServerApplicationContext@503a7888: startup date [Tue Dec 25 11:44:37 CST 2018]; root of context hierarchy
[2018-12-25 11:44:37.859][restartedMain][INFO][org.springframework.context.support.AbstractApplicationContext][588]:Refreshing org.springframework.boot.web.servlet.context.AnnotationConfigServletWebServerApplicationContext@503a7888: startup date [Tue Dec 25 11:44:37 CST 2018]; root of context hierarchy
[2018-12-25 12:15:04.881][restartedMain][INFO][org.springframework.boot.StartupInfoLogger][50]:Starting QinZhiJieStarter on DESKTOP-1BCMDRV with PID 12592 (C:\gysgong\waikuai_git\qinzhijie\qinZhiJie\target\classes started by YuanSongGong in C:\gysgong\waikuai_git\qinzhijie\qinZhiJie)
[2018-12-25 12:15:04.886][restartedMain][INFO][org.springframework.boot.SpringApplication][654]:No active profile set, falling back to default profiles: default
[2018-12-25 12:15:05.038][restartedMain][INFO][org.springframework.context.support.AbstractApplicationContext][588]:Refreshing org.springframework.boot.web.servlet.context.AnnotationConfigServletWebServerApplicationContext@13897635: startup date [Tue Dec 25 12:15:05 CST 2018]; root of context hierarchy
[2018-12-25 12:15:05.038][restartedMain][INFO][org.springframework.context.support.AbstractApplicationContext][588]:Refreshing org.springframework.boot.web.servlet.context.AnnotationConfigServletWebServerApplicationContext@13897635: startup date [Tue Dec 25 12:15:05 CST 2018]; root of context hierarchy
[2018-12-25 12:15:09.242][restartedMain][INFO][org.springframework.boot.web.embedded.tomcat.TomcatWebServer][91]:Tomcat initialized with port(s): 20880 (https)
[2018-12-25 12:15:09.242][restartedMain][INFO][org.springframework.boot.web.embedded.tomcat.TomcatWebServer][91]:Tomcat initialized with port(s): 20880 (https)
[2018-12-25 12:15:09.267][restartedMain][INFO][org.apache.juli.logging.DirectJDKLog][180]:Initializing ProtocolHandler ["https-jsse-nio-20880"]
[2018-12-25 12:15:09.290][restartedMain][INFO][org.apache.juli.logging.DirectJDKLog][180]:Starting service [Tomcat]
[2018-12-25 12:15:09.291][restartedMain][INFO][org.apache.juli.logging.DirectJDKLog][180]:Starting Servlet Engine: Apache Tomcat/8.5.34
[2018-12-25 12:15:09.314][localhost-startStop-1][INFO][org.apache.juli.logging.DirectJDKLog][180]:The APR based Apache Tomcat Native library which allows optimal performance in production environments was not found on the java.library.path: [C:\Program Files\Java\jre1.8.0_171\bin;C:\WINDOWS\Sun\Java\bin;C:\WINDOWS\system32;C:\WINDOWS;C:/Program Files/Java/jre1.8.0_171/bin/server;C:/Program Files/Java/jre1.8.0_171/bin;C:/Program Files/Java/jre1.8.0_171/lib/amd64;C:\Program Files (x86)\Common Files\Oracle\Java\javapath;C:\WINDOWS\system32;C:\WINDOWS;C:\WINDOWS\System32\Wbem;C:\WINDOWS\System32\WindowsPowerShell\v1.0\;C:\Program Files\Java\jdk1.8.0_171\bin;C:\Program Files\Java\jdk1.8.0_171\jre\bin;C:\gysgong\apache-maven-3.5.3\bin\;C:\Program Files\Git\cmd;C:\WINDOWS\System32\OpenSSH\;C:\Users\YuanSongGong\AppData\Local\Microsoft\WindowsApps;;C:\gysgong\eclipse;;.]
[2018-12-25 12:15:09.515][localhost-startStop-1][INFO][org.apache.juli.logging.DirectJDKLog][180]:Initializing Spring embedded WebApplicationContext
[2018-12-25 12:15:09.516][localhost-startStop-1][INFO][org.springframework.boot.web.servlet.context.ServletWebServerApplicationContext][285]:Root WebApplicationContext: initialization completed in 4483 ms
[2018-12-25 12:15:09.516][localhost-startStop-1][INFO][org.springframework.boot.web.servlet.context.ServletWebServerApplicationContext][285]:Root WebApplicationContext: initialization completed in 4483 ms
[2018-12-25 12:15:09.717][localhost-startStop-1][INFO][org.springframework.boot.web.servlet.ServletRegistrationBean][187]:Servlet dispatcherServlet mapped to [/]
[2018-12-25 12:15:09.717][localhost-startStop-1][INFO][org.springframework.boot.web.servlet.ServletRegistrationBean][187]:Servlet dispatcherServlet mapped to [/]
[2018-12-25 12:15:09.720][localhost-startStop-1][INFO][org.springframework.boot.web.servlet.ServletRegistrationBean][187]:Servlet statViewServlet mapped to [/druid/*]
[2018-12-25 12:15:09.720][localhost-startStop-1][INFO][org.springframework.boot.web.servlet.ServletRegistrationBean][187]:Servlet statViewServlet mapped to [/druid/*]
[2018-12-25 12:15:09.726][localhost-startStop-1][INFO][org.springframework.boot.web.servlet.AbstractFilterRegistrationBean][245]:Mapping filter: 'characterEncodingFilter' to: [/*]
[2018-12-25 12:15:09.726][localhost-startStop-1][INFO][org.springframework.boot.web.servlet.AbstractFilterRegistrationBean][245]:Mapping filter: 'characterEncodingFilter' to: [/*]
[2018-12-25 12:15:09.727][localhost-startStop-1][INFO][org.springframework.boot.web.servlet.AbstractFilterRegistrationBean][245]:Mapping filter: 'hiddenHttpMethodFilter' to: [/*]
[2018-12-25 12:15:09.727][localhost-startStop-1][INFO][org.springframework.boot.web.servlet.AbstractFilterRegistrationBean][245]:Mapping filter: 'hiddenHttpMethodFilter' to: [/*]
[2018-12-25 12:15:09.728][localhost-startStop-1][INFO][org.springframework.boot.web.servlet.AbstractFilterRegistrationBean][245]:Mapping filter: 'httpPutFormContentFilter' to: [/*]
[2018-12-25 12:15:09.728][localhost-startStop-1][INFO][org.springframework.boot.web.servlet.AbstractFilterRegistrationBean][245]:Mapping filter: 'httpPutFormContentFilter' to: [/*]
[2018-12-25 12:15:09.728][localhost-startStop-1][INFO][org.springframework.boot.web.servlet.AbstractFilterRegistrationBean][245]:Mapping filter: 'requestContextFilter' to: [/*]
[2018-12-25 12:15:09.728][localhost-startStop-1][INFO][org.springframework.boot.web.servlet.AbstractFilterRegistrationBean][245]:Mapping filter: 'requestContextFilter' to: [/*]
[2018-12-25 12:15:09.729][localhost-startStop-1][INFO][org.springframework.boot.web.servlet.AbstractFilterRegistrationBean][258]:Mapping filter: 'webStatFilter' to urls: [/*]
[2018-12-25 12:15:09.729][localhost-startStop-1][INFO][org.springframework.boot.web.servlet.AbstractFilterRegistrationBean][258]:Mapping filter: 'webStatFilter' to urls: [/*]
[2018-12-25 12:15:10.025][restartedMain][INFO][com.alibaba.druid.spring.boot.autoconfigure.DruidDataSourceAutoConfigure][56]:Init DruidDataSource
[2018-12-25 12:15:10.836][restartedMain][INFO][com.alibaba.druid.pool.DruidDataSource][928]:{dataSource-1} inited
[2018-12-25 12:15:11.559][restartedMain][INFO][org.springframework.web.servlet.handler.AbstractUrlHandlerMapping][373]:Mapped URL path [/**/favicon.ico] onto handler of type [class org.springframework.web.servlet.resource.ResourceHttpRequestHandler]
[2018-12-25 12:15:11.559][restartedMain][INFO][org.springframework.web.servlet.handler.AbstractUrlHandlerMapping][373]:Mapped URL path [/**/favicon.ico] onto handler of type [class org.springframework.web.servlet.resource.ResourceHttpRequestHandler]
[2018-12-25 12:15:11.977][restartedMain][INFO][org.springframework.web.servlet.mvc.method.annotation.RequestMappingHandlerAdapter][588]:Looking for @ControllerAdvice: org.springframework.boot.web.servlet.context.AnnotationConfigServletWebServerApplicationContext@13897635: startup date [Tue Dec 25 12:15:05 CST 2018]; root of context hierarchy
[2018-12-25 12:15:11.977][restartedMain][INFO][org.springframework.web.servlet.mvc.method.annotation.RequestMappingHandlerAdapter][588]:Looking for @ControllerAdvice: org.springframework.boot.web.servlet.context.AnnotationConfigServletWebServerApplicationContext@13897635: startup date [Tue Dec 25 12:15:05 CST 2018]; root of context hierarchy
[2018-12-25 12:15:11.994][restartedMain][INFO][org.springframework.web.servlet.mvc.method.annotation.RequestMappingHandlerAdapter][624]:Detected ResponseBodyAdvice bean in resultWrapper
[2018-12-25 12:15:11.994][restartedMain][INFO][org.springframework.web.servlet.mvc.method.annotation.RequestMappingHandlerAdapter][624]:Detected ResponseBodyAdvice bean in resultWrapper
[2018-12-25 12:15:12.136][restartedMain][INFO][org.springframework.web.servlet.handler.AbstractHandlerMethodMapping$MappingRegistry][549]:Mapped "{[/classification/add]}" onto public com.qzj.dto.Classification com.qzj.controller.ClassificationController.add(java.util.Map<java.lang.String, java.lang.Object>)
[2018-12-25 12:15:12.136][restartedMain][INFO][org.springframework.web.servlet.handler.AbstractHandlerMethodMapping$MappingRegistry][549]:Mapped "{[/classification/add]}" onto public com.qzj.dto.Classification com.qzj.controller.ClassificationController.add(java.util.Map<java.lang.String, java.lang.Object>)
[2018-12-25 12:15:12.143][restartedMain][INFO][org.springframework.web.servlet.handler.AbstractHandlerMethodMapping$MappingRegistry][549]:Mapped "{[/classification/update]}" onto public com.qzj.dto.Classification com.qzj.controller.ClassificationController.update(java.util.Map<java.lang.String, java.lang.Object>)
[2018-12-25 12:15:12.143][restartedMain][INFO][org.springframework.web.servlet.handler.AbstractHandlerMethodMapping$MappingRegistry][549]:Mapped "{[/classification/update]}" onto public com.qzj.dto.Classification com.qzj.controller.ClassificationController.update(java.util.Map<java.lang.String, java.lang.Object>)
[2018-12-25 12:15:12.146][restartedMain][INFO][org.springframework.web.servlet.handler.AbstractHandlerMethodMapping$MappingRegistry][549]:Mapped "{[/classification/delete]}" onto public java.util.Map<java.lang.String, java.lang.Object> com.qzj.controller.ClassificationController.delete(java.util.Map<java.lang.String, java.lang.Object>)
[2018-12-25 12:15:12.146][restartedMain][INFO][org.springframework.web.servlet.handler.AbstractHandlerMethodMapping$MappingRegistry][549]:Mapped "{[/classification/delete]}" onto public java.util.Map<java.lang.String, java.lang.Object> com.qzj.controller.ClassificationController.delete(java.util.Map<java.lang.String, java.lang.Object>)
[2018-12-25 12:15:12.148][restartedMain][INFO][org.springframework.web.servlet.handler.AbstractHandlerMethodMapping$MappingRegistry][549]:Mapped "{[/classification/getlist]}" onto public java.util.List<com.qzj.dto.Classification> com.qzj.controller.ClassificationController.getlist(java.util.Map<java.lang.String, java.lang.Object>)
[2018-12-25 12:15:12.148][restartedMain][INFO][org.springframework.web.servlet.handler.AbstractHandlerMethodMapping$MappingRegistry][549]:Mapped "{[/classification/getlist]}" onto public java.util.List<com.qzj.dto.Classification> com.qzj.controller.ClassificationController.getlist(java.util.Map<java.lang.String, java.lang.Object>)
[2018-12-25 12:15:12.150][restartedMain][INFO][org.springframework.web.servlet.handler.AbstractHandlerMethodMapping$MappingRegistry][549]:Mapped "{[/classification/getlistbyparam]}" onto public java.util.List<com.qzj.dto.Classification> com.qzj.controller.ClassificationController.getlistByParam(java.util.Map<java.lang.String, java.lang.Object>)
[2018-12-25 12:15:12.150][restartedMain][INFO][org.springframework.web.servlet.handler.AbstractHandlerMethodMapping$MappingRegistry][549]:Mapped "{[/classification/getlistbyparam]}" onto public java.util.List<com.qzj.dto.Classification> com.qzj.controller.ClassificationController.getlistByParam(java.util.Map<java.lang.String, java.lang.Object>)
[2018-12-25 12:15:12.156][restartedMain][INFO][org.springframework.web.servlet.handler.AbstractHandlerMethodMapping$MappingRegistry][549]:Mapped "{[/link/getlist]}" onto public java.util.List<com.qzj.dto.Interlinkage> com.qzj.controller.InterlinkageController.selectList(java.util.Map<java.lang.String, java.lang.Object>)
[2018-12-25 12:15:12.156][restartedMain][INFO][org.springframework.web.servlet.handler.AbstractHandlerMethodMapping$MappingRegistry][549]:Mapped "{[/link/getlist]}" onto public java.util.List<com.qzj.dto.Interlinkage> com.qzj.controller.InterlinkageController.selectList(java.util.Map<java.lang.String, java.lang.Object>)
[2018-12-25 12:15:12.161][restartedMain][INFO][org.springframework.web.servlet.handler.AbstractHandlerMethodMapping$MappingRegistry][549]:Mapped "{[/link/delete]}" onto public java.util.Map<java.lang.String, java.lang.Object> com.qzj.controller.InterlinkageController.deleteLink(java.util.Map<java.lang.String, java.lang.Object>)
[2018-12-25 12:15:12.161][restartedMain][INFO][org.springframework.web.servlet.handler.AbstractHandlerMethodMapping$MappingRegistry][549]:Mapped "{[/link/delete]}" onto public java.util.Map<java.lang.String, java.lang.Object> com.qzj.controller.InterlinkageController.deleteLink(java.util.Map<java.lang.String, java.lang.Object>)
[2018-12-25 12:15:12.163][restartedMain][INFO][org.springframework.web.servlet.handler.AbstractHandlerMethodMapping$MappingRegistry][549]:Mapped "{[/link/add]}" onto public java.util.Map<java.lang.String, java.lang.Object> com.qzj.controller.InterlinkageController.addLink(java.util.Map<java.lang.String, java.lang.Object>)
[2018-12-25 12:15:12.163][restartedMain][INFO][org.springframework.web.servlet.handler.AbstractHandlerMethodMapping$MappingRegistry][549]:Mapped "{[/link/add]}" onto public java.util.Map<java.lang.String, java.lang.Object> com.qzj.controller.InterlinkageController.addLink(java.util.Map<java.lang.String, java.lang.Object>)
[2018-12-25 12:15:12.167][restartedMain][INFO][org.springframework.web.servlet.handler.AbstractHandlerMethodMapping$MappingRegistry][549]:Mapped "{[/link/update]}" onto public java.util.Map<java.lang.String, java.lang.Object> com.qzj.controller.InterlinkageController.updateLink(java.util.Map<java.lang.String, java.lang.Object>)
[2018-12-25 12:15:12.167][restartedMain][INFO][org.springframework.web.servlet.handler.AbstractHandlerMethodMapping$MappingRegistry][549]:Mapped "{[/link/update]}" onto public java.util.Map<java.lang.String, java.lang.Object> com.qzj.controller.InterlinkageController.updateLink(java.util.Map<java.lang.String, java.lang.Object>)
[2018-12-25 12:15:12.170][restartedMain][INFO][org.springframework.web.servlet.handler.AbstractHandlerMethodMapping$MappingRegistry][549]:Mapped "{[/logger/x]}" onto public com.qzj.dto.LoggerTest com.qzj.controller.LoggerController.xslsheet()
[2018-12-25 12:15:12.170][restartedMain][INFO][org.springframework.web.servlet.handler.AbstractHandlerMethodMapping$MappingRegistry][549]:Mapped "{[/logger/x]}" onto public com.qzj.dto.LoggerTest com.qzj.controller.LoggerController.xslsheet()
[2018-12-25 12:15:12.175][restartedMain][INFO][org.springframework.web.servlet.handler.AbstractHandlerMethodMapping$MappingRegistry][549]:Mapped "{[/member/add],methods=[POST]}" onto public com.qzj.commos.vo.ResponseData<com.qzj.dto.PageResult<com.qzj.dto.Member>> com.qzj.controller.MemberController.add(com.qzj.dto.Member,javax.servlet.http.HttpServletRequest)
[2018-12-25 12:15:12.175][restartedMain][INFO][org.springframework.web.servlet.handler.AbstractHandlerMethodMapping$MappingRegistry][549]:Mapped "{[/member/add],methods=[POST]}" onto public com.qzj.commos.vo.ResponseData<com.qzj.dto.PageResult<com.qzj.dto.Member>> com.qzj.controller.MemberController.add(com.qzj.dto.Member,javax.servlet.http.HttpServletRequest)
[2018-12-25 12:15:12.177][restartedMain][INFO][org.springframework.web.servlet.handler.AbstractHandlerMethodMapping$MappingRegistry][549]:Mapped "{[/member/update],methods=[POST]}" onto public com.qzj.commos.vo.ResponseData<com.qzj.dto.PageResult<com.qzj.dto.Member>> com.qzj.controller.MemberController.update(com.qzj.dto.Member,javax.servlet.http.HttpServletRequest)
[2018-12-25 12:15:12.177][restartedMain][INFO][org.springframework.web.servlet.handler.AbstractHandlerMethodMapping$MappingRegistry][549]:Mapped "{[/member/update],methods=[POST]}" onto public com.qzj.commos.vo.ResponseData<com.qzj.dto.PageResult<com.qzj.dto.Member>> com.qzj.controller.MemberController.update(com.qzj.dto.Member,javax.servlet.http.HttpServletRequest)
[2018-12-25 12:15:12.179][restartedMain][INFO][org.springframework.web.servlet.handler.AbstractHandlerMethodMapping$MappingRegistry][549]:Mapped "{[/member/delete],methods=[GET]}" onto public com.qzj.commos.vo.ResponseData<com.qzj.dto.PageResult<com.qzj.dto.Member>> com.qzj.controller.MemberController.delete(java.lang.String,javax.servlet.http.HttpServletRequest)
[2018-12-25 12:15:12.179][restartedMain][INFO][org.springframework.web.servlet.handler.AbstractHandlerMethodMapping$MappingRegistry][549]:Mapped "{[/member/delete],methods=[GET]}" onto public com.qzj.commos.vo.ResponseData<com.qzj.dto.PageResult<com.qzj.dto.Member>> com.qzj.controller.MemberController.delete(java.lang.String,javax.servlet.http.HttpServletRequest)
[2018-12-25 12:15:12.181][restartedMain][INFO][org.springframework.web.servlet.handler.AbstractHandlerMethodMapping$MappingRegistry][549]:Mapped "{[/member/getList],methods=[POST]}" onto public com.qzj.commos.vo.ResponseData<com.qzj.dto.PageResult<com.qzj.dto.Member>> com.qzj.controller.MemberController.memberList(com.qzj.dto.PageRequest,javax.servlet.http.HttpServletRequest)
[2018-12-25 12:15:12.181][restartedMain][INFO][org.springframework.web.servlet.handler.AbstractHandlerMethodMapping$MappingRegistry][549]:Mapped "{[/member/getList],methods=[POST]}" onto public com.qzj.commos.vo.ResponseData<com.qzj.dto.PageResult<com.qzj.dto.Member>> com.qzj.controller.MemberController.memberList(com.qzj.dto.PageRequest,javax.servlet.http.HttpServletRequest)
[2018-12-25 12:15:12.184][restartedMain][INFO][org.springframework.web.servlet.handler.AbstractHandlerMethodMapping$MappingRegistry][549]:Mapped "{[/user/add]}" onto public java.util.Map<java.lang.String, java.lang.Object> com.qzj.controller.UserController.addUser(java.util.Map<java.lang.String, java.lang.Object>)
[2018-12-25 12:15:12.184][restartedMain][INFO][org.springframework.web.servlet.handler.AbstractHandlerMethodMapping$MappingRegistry][549]:Mapped "{[/user/add]}" onto public java.util.Map<java.lang.String, java.lang.Object> com.qzj.controller.UserController.addUser(java.util.Map<java.lang.String, java.lang.Object>)
[2018-12-25 12:15:12.191][restartedMain][INFO][org.springframework.web.servlet.handler.AbstractHandlerMethodMapping$MappingRegistry][549]:Mapped "{[/user/login]}" onto public java.util.Map<java.lang.String, java.lang.Object> com.qzj.controller.UserController.login(java.util.Map<java.lang.String, java.lang.Object>)
[2018-12-25 12:15:12.191][restartedMain][INFO][org.springframework.web.servlet.handler.AbstractHandlerMethodMapping$MappingRegistry][549]:Mapped "{[/user/login]}" onto public java.util.Map<java.lang.String, java.lang.Object> com.qzj.controller.UserController.login(java.util.Map<java.lang.String, java.lang.Object>)
[2018-12-25 12:15:12.193][restartedMain][INFO][org.springframework.web.servlet.handler.AbstractHandlerMethodMapping$MappingRegistry][549]:Mapped "{[/user/update]}" onto public java.util.Map<java.lang.String, java.lang.Object> com.qzj.controller.UserController.updateUser(java.util.Map<java.lang.String, java.lang.Object>)
[2018-12-25 12:15:12.193][restartedMain][INFO][org.springframework.web.servlet.handler.AbstractHandlerMethodMapping$MappingRegistry][549]:Mapped "{[/user/update]}" onto public java.util.Map<java.lang.String, java.lang.Object> com.qzj.controller.UserController.updateUser(java.util.Map<java.lang.String, java.lang.Object>)
[2018-12-25 12:15:12.196][restartedMain][INFO][org.springframework.web.servlet.handler.AbstractHandlerMethodMapping$MappingRegistry][549]:Mapped "{[/user/delete]}" onto public java.util.Map<java.lang.String, java.lang.Object> com.qzj.controller.UserController.deleteUser(java.util.Map<java.lang.String, java.lang.Object>)
[2018-12-25 12:15:12.196][restartedMain][INFO][org.springframework.web.servlet.handler.AbstractHandlerMethodMapping$MappingRegistry][549]:Mapped "{[/user/delete]}" onto public java.util.Map<java.lang.String, java.lang.Object> com.qzj.controller.UserController.deleteUser(java.util.Map<java.lang.String, java.lang.Object>)
[2018-12-25 12:15:12.202][restartedMain][INFO][org.springframework.web.servlet.handler.AbstractHandlerMethodMapping$MappingRegistry][549]:Mapped "{[/error]}" onto public org.springframework.http.ResponseEntity<java.util.Map<java.lang.String, java.lang.Object>> org.springframework.boot.autoconfigure.web.servlet.error.BasicErrorController.error(javax.servlet.http.HttpServletRequest)
[2018-12-25 12:15:12.202][restartedMain][INFO][org.springframework.web.servlet.handler.AbstractHandlerMethodMapping$MappingRegistry][549]:Mapped "{[/error]}" onto public org.springframework.http.ResponseEntity<java.util.Map<java.lang.String, java.lang.Object>> org.springframework.boot.autoconfigure.web.servlet.error.BasicErrorController.error(javax.servlet.http.HttpServletRequest)
[2018-12-25 12:15:12.204][restartedMain][INFO][org.springframework.web.servlet.handler.AbstractHandlerMethodMapping$MappingRegistry][549]:Mapped "{[/error],produces=[text/html]}" onto public org.springframework.web.servlet.ModelAndView org.springframework.boot.autoconfigure.web.servlet.error.BasicErrorController.errorHtml(javax.servlet.http.HttpServletRequest,javax.servlet.http.HttpServletResponse)
[2018-12-25 12:15:12.204][restartedMain][INFO][org.springframework.web.servlet.handler.AbstractHandlerMethodMapping$MappingRegistry][549]:Mapped "{[/error],produces=[text/html]}" onto public org.springframework.web.servlet.ModelAndView org.springframework.boot.autoconfigure.web.servlet.error.BasicErrorController.errorHtml(javax.servlet.http.HttpServletRequest,javax.servlet.http.HttpServletResponse)
[2018-12-25 12:15:12.270][restartedMain][INFO][org.springframework.web.servlet.handler.AbstractUrlHandlerMapping][373]:Mapped URL path [/webjars/**] onto handler of type [class org.springframework.web.servlet.resource.ResourceHttpRequestHandler]
[2018-12-25 12:15:12.270][restartedMain][INFO][org.springframework.web.servlet.handler.AbstractUrlHandlerMapping][373]:Mapped URL path [/webjars/**] onto handler of type [class org.springframework.web.servlet.resource.ResourceHttpRequestHandler]
[2018-12-25 12:15:12.270][restartedMain][INFO][org.springframework.web.servlet.handler.AbstractUrlHandlerMapping][373]:Mapped URL path [/**] onto handler of type [class org.springframework.web.servlet.resource.ResourceHttpRequestHandler]
[2018-12-25 12:15:12.270][restartedMain][INFO][org.springframework.web.servlet.handler.AbstractUrlHandlerMapping][373]:Mapped URL path [/**] onto handler of type [class org.springframework.web.servlet.resource.ResourceHttpRequestHandler]
[2018-12-25 12:15:12.302][restartedMain][INFO][org.springframework.web.servlet.mvc.method.annotation.ExceptionHandlerExceptionResolver][288]:Detected @ExceptionHandler methods in exceptionResolver
[2018-12-25 12:15:12.302][restartedMain][INFO][org.springframework.web.servlet.mvc.method.annotation.ExceptionHandlerExceptionResolver][288]:Detected @ExceptionHandler methods in exceptionResolver
[2018-12-25 12:15:12.303][restartedMain][INFO][org.springframework.web.servlet.mvc.method.annotation.ExceptionHandlerExceptionResolver][294]:Detected ResponseBodyAdvice implementation in resultWrapper
[2018-12-25 12:15:12.303][restartedMain][INFO][org.springframework.web.servlet.mvc.method.annotation.ExceptionHandlerExceptionResolver][294]:Detected ResponseBodyAdvice implementation in resultWrapper
[2018-12-25 12:15:12.869][restartedMain][INFO][org.springframework.boot.devtools.autoconfigure.OptionalLiveReloadServer][57]:LiveReload server is running on port 35729
[2018-12-25 12:15:12.869][restartedMain][INFO][org.springframework.boot.devtools.autoconfigure.OptionalLiveReloadServer][57]:LiveReload server is running on port 35729
[2018-12-25 12:15:12.945][restartedMain][INFO][org.springframework.jmx.export.MBeanExporter][433]:Registering beans for JMX exposure on startup
[2018-12-25 12:15:12.945][restartedMain][INFO][org.springframework.jmx.export.MBeanExporter][433]:Registering beans for JMX exposure on startup
[2018-12-25 12:15:12.949][restartedMain][INFO][org.springframework.jmx.export.MBeanExporter][895]:Bean with name 'statFilter' has been autodetected for JMX exposure
[2018-12-25 12:15:12.949][restartedMain][INFO][org.springframework.jmx.export.MBeanExporter][895]:Bean with name 'statFilter' has been autodetected for JMX exposure
[2018-12-25 12:15:12.952][restartedMain][INFO][org.springframework.jmx.export.MBeanExporter][895]:Bean with name 'dataSource' has been autodetected for JMX exposure
[2018-12-25 12:15:12.952][restartedMain][INFO][org.springframework.jmx.export.MBeanExporter][895]:Bean with name 'dataSource' has been autodetected for JMX exposure
[2018-12-25 12:15:12.964][restartedMain][INFO][org.springframework.jmx.export.MBeanExporter][668]:Located MBean 'dataSource': registering with JMX server as MBean [com.alibaba.druid.spring.boot.autoconfigure:name=dataSource,type=DruidDataSourceWrapper]
[2018-12-25 12:15:12.964][restartedMain][INFO][org.springframework.jmx.export.MBeanExporter][668]:Located MBean 'dataSource': registering with JMX server as MBean [com.alibaba.druid.spring.boot.autoconfigure:name=dataSource,type=DruidDataSourceWrapper]
[2018-12-25 12:15:12.966][restartedMain][INFO][org.springframework.jmx.export.MBeanExporter][668]:Located MBean 'statFilter': registering with JMX server as MBean [com.alibaba.druid.filter.stat:name=statFilter,type=StatFilter]
[2018-12-25 12:15:12.966][restartedMain][INFO][org.springframework.jmx.export.MBeanExporter][668]:Located MBean 'statFilter': registering with JMX server as MBean [com.alibaba.druid.filter.stat:name=statFilter,type=StatFilter]
[2018-12-25 12:15:12.987][restartedMain][INFO][org.apache.juli.logging.DirectJDKLog][180]:Starting ProtocolHandler ["https-jsse-nio-20880"]
[2018-12-25 12:15:13.575][restartedMain][INFO][org.apache.juli.logging.DirectJDKLog][180]:Using a shared selector for servlet write/read
[2018-12-25 12:15:13.644][restartedMain][INFO][org.springframework.boot.web.embedded.tomcat.TomcatWebServer][206]:Tomcat started on port(s): 20880 (https) with context path ''
[2018-12-25 12:15:13.644][restartedMain][INFO][org.springframework.boot.web.embedded.tomcat.TomcatWebServer][206]:Tomcat started on port(s): 20880 (https) with context path ''
[2018-12-25 12:15:13.664][restartedMain][INFO][org.springframework.boot.StartupInfoLogger][59]:Started QinZhiJieStarter in 9.536 seconds (JVM running for 13.966)
[2018-12-25 12:26:10.992][https-jsse-nio-20880-exec-3][INFO][org.apache.juli.logging.DirectJDKLog][180]:Initializing Spring FrameworkServlet 'dispatcherServlet'
[2018-12-25 12:26:10.992][https-jsse-nio-20880-exec-3][INFO][org.springframework.web.servlet.FrameworkServlet][494]:FrameworkServlet 'dispatcherServlet': initialization started
[2018-12-25 12:26:10.992][https-jsse-nio-20880-exec-3][INFO][org.springframework.web.servlet.FrameworkServlet][494]:FrameworkServlet 'dispatcherServlet': initialization started
[2018-12-25 12:26:11.041][https-jsse-nio-20880-exec-3][INFO][org.springframework.web.servlet.FrameworkServlet][509]:FrameworkServlet 'dispatcherServlet': initialization completed in 49 ms
[2018-12-25 12:26:11.041][https-jsse-nio-20880-exec-3][INFO][org.springframework.web.servlet.FrameworkServlet][509]:FrameworkServlet 'dispatcherServlet': initialization completed in 49 ms
[2018-12-25 12:26:15.790][https-jsse-nio-20880-exec-8][INFO][org.springframework.beans.factory.xml.XmlBeanDefinitionReader][317]:Loading XML bean definitions from class path resource [org/springframework/jdbc/support/sql-error-codes.xml]
[2018-12-25 12:26:15.790][https-jsse-nio-20880-exec-8][INFO][org.springframework.beans.factory.xml.XmlBeanDefinitionReader][317]:Loading XML bean definitions from class path resource [org/springframework/jdbc/support/sql-error-codes.xml]
[2018-12-25 12:26:15.914][https-jsse-nio-20880-exec-8][WARN][org.springframework.web.servlet.handler.AbstractHandlerExceptionResolver][194]:Resolved exception caused by handler execution: org.springframework.jdbc.BadSqlGrammarException: 
### Error updating database.  Cause: com.mysql.jdbc.exceptions.jdbc4.MySQLSyntaxErrorException: Unknown column 'createTime' in 'field list'
### The error may involve com.qzj.dao.MemberDao.add-Inline
### The error occurred while setting parameters
### SQL: insert into t_member(        `type`,            `name`,             pictureLink,             profile,             `desc`,             createBy,            createTime,            updateTime,            updateBy          )   values(        ?,            ?,             ?,             ?,             ?,             ?,            ?,            ?,            ?       )
### Cause: com.mysql.jdbc.exceptions.jdbc4.MySQLSyntaxErrorException: Unknown column 'createTime' in 'field list'
; bad SQL grammar []; nested exception is com.mysql.jdbc.exceptions.jdbc4.MySQLSyntaxErrorException: Unknown column 'createTime' in 'field list'
[2018-12-25 12:26:15.914][https-jsse-nio-20880-exec-8][WARN][org.springframework.web.servlet.handler.AbstractHandlerExceptionResolver][194]:Resolved exception caused by handler execution: org.springframework.jdbc.BadSqlGrammarException: 
### Error updating database.  Cause: com.mysql.jdbc.exceptions.jdbc4.MySQLSyntaxErrorException: Unknown column 'createTime' in 'field list'
### The error may involve com.qzj.dao.MemberDao.add-Inline
### The error occurred while setting parameters
### SQL: insert into t_member(        `type`,            `name`,             pictureLink,             profile,             `desc`,             createBy,            createTime,            updateTime,            updateBy          )   values(        ?,            ?,             ?,             ?,             ?,             ?,            ?,            ?,            ?       )
### Cause: com.mysql.jdbc.exceptions.jdbc4.MySQLSyntaxErrorException: Unknown column 'createTime' in 'field list'
; bad SQL grammar []; nested exception is com.mysql.jdbc.exceptions.jdbc4.MySQLSyntaxErrorException: Unknown column 'createTime' in 'field list'
[2018-12-25 12:26:17.104][https-jsse-nio-20880-exec-6][WARN][org.springframework.web.servlet.handler.AbstractHandlerExceptionResolver][194]:Resolved exception caused by handler execution: org.springframework.jdbc.BadSqlGrammarException: 
### Error updating database.  Cause: com.mysql.jdbc.exceptions.jdbc4.MySQLSyntaxErrorException: Unknown column 'createTime' in 'field list'
### The error may involve com.qzj.dao.MemberDao.add-Inline
### The error occurred while setting parameters
### SQL: insert into t_member(        `type`,            `name`,             pictureLink,             profile,             `desc`,             createBy,            createTime,            updateTime,            updateBy          )   values(        ?,            ?,             ?,             ?,             ?,             ?,            ?,            ?,            ?       )
### Cause: com.mysql.jdbc.exceptions.jdbc4.MySQLSyntaxErrorException: Unknown column 'createTime' in 'field list'
; bad SQL grammar []; nested exception is com.mysql.jdbc.exceptions.jdbc4.MySQLSyntaxErrorException: Unknown column 'createTime' in 'field list'
[2018-12-25 12:26:17.104][https-jsse-nio-20880-exec-6][WARN][org.springframework.web.servlet.handler.AbstractHandlerExceptionResolver][194]:Resolved exception caused by handler execution: org.springframework.jdbc.BadSqlGrammarException: 
### Error updating database.  Cause: com.mysql.jdbc.exceptions.jdbc4.MySQLSyntaxErrorException: Unknown column 'createTime' in 'field list'
### The error may involve com.qzj.dao.MemberDao.add-Inline
### The error occurred while setting parameters
### SQL: insert into t_member(        `type`,            `name`,             pictureLink,             profile,             `desc`,             createBy,            createTime,            updateTime,            updateBy          )   values(        ?,            ?,             ?,             ?,             ?,             ?,            ?,            ?,            ?       )
### Cause: com.mysql.jdbc.exceptions.jdbc4.MySQLSyntaxErrorException: Unknown column 'createTime' in 'field list'
; bad SQL grammar []; nested exception is com.mysql.jdbc.exceptions.jdbc4.MySQLSyntaxErrorException: Unknown column 'createTime' in 'field list'
[2018-12-25 12:26:18.081][https-jsse-nio-20880-exec-5][WARN][org.springframework.web.servlet.handler.AbstractHandlerExceptionResolver][194]:Resolved exception caused by handler execution: org.springframework.jdbc.BadSqlGrammarException: 
### Error updating database.  Cause: com.mysql.jdbc.exceptions.jdbc4.MySQLSyntaxErrorException: Unknown column 'createTime' in 'field list'
### The error may involve com.qzj.dao.MemberDao.add-Inline
### The error occurred while setting parameters
### SQL: insert into t_member(        `type`,            `name`,             pictureLink,             profile,             `desc`,             createBy,            createTime,            updateTime,            updateBy          )   values(        ?,            ?,             ?,             ?,             ?,             ?,            ?,            ?,            ?       )
### Cause: com.mysql.jdbc.exceptions.jdbc4.MySQLSyntaxErrorException: Unknown column 'createTime' in 'field list'
; bad SQL grammar []; nested exception is com.mysql.jdbc.exceptions.jdbc4.MySQLSyntaxErrorException: Unknown column 'createTime' in 'field list'
[2018-12-25 12:26:18.081][https-jsse-nio-20880-exec-5][WARN][org.springframework.web.servlet.handler.AbstractHandlerExceptionResolver][194]:Resolved exception caused by handler execution: org.springframework.jdbc.BadSqlGrammarException: 
### Error updating database.  Cause: com.mysql.jdbc.exceptions.jdbc4.MySQLSyntaxErrorException: Unknown column 'createTime' in 'field list'
### The error may involve com.qzj.dao.MemberDao.add-Inline
### The error occurred while setting parameters
### SQL: insert into t_member(        `type`,            `name`,             pictureLink,             profile,             `desc`,             createBy,            createTime,            updateTime,            updateBy          )   values(        ?,            ?,             ?,             ?,             ?,             ?,            ?,            ?,            ?       )
### Cause: com.mysql.jdbc.exceptions.jdbc4.MySQLSyntaxErrorException: Unknown column 'createTime' in 'field list'
; bad SQL grammar []; nested exception is com.mysql.jdbc.exceptions.jdbc4.MySQLSyntaxErrorException: Unknown column 'createTime' in 'field list'
[2018-12-25 12:29:45.129][Thread-6][INFO][org.springframework.context.support.AbstractApplicationContext][991]:Closing org.springframework.boot.web.servlet.context.AnnotationConfigServletWebServerApplicationContext@13897635: startup date [Tue Dec 25 12:15:05 CST 2018]; root of context hierarchy
[2018-12-25 12:29:45.129][Thread-6][INFO][org.springframework.context.support.AbstractApplicationContext][991]:Closing org.springframework.boot.web.servlet.context.AnnotationConfigServletWebServerApplicationContext@13897635: startup date [Tue Dec 25 12:15:05 CST 2018]; root of context hierarchy
[2018-12-25 12:29:45.133][Thread-6][INFO][org.springframework.jmx.export.MBeanExporter][451]:Unregistering JMX-exposed beans on shutdown
[2018-12-25 12:29:45.133][Thread-6][INFO][org.springframework.jmx.export.MBeanExporter][451]:Unregistering JMX-exposed beans on shutdown
[2018-12-25 12:29:45.135][Thread-6][INFO][org.springframework.jmx.support.MBeanRegistrationSupport][185]:Unregistering JMX-exposed beans
[2018-12-25 12:29:45.135][Thread-6][INFO][org.springframework.jmx.support.MBeanRegistrationSupport][185]:Unregistering JMX-exposed beans
[2018-12-25 12:29:45.140][Thread-6][INFO][com.alibaba.druid.pool.DruidDataSource][1823]:{dataSource-1} closed
[2018-12-25 12:29:45.638][restartedMain][INFO][org.springframework.boot.StartupInfoLogger][50]:Starting QinZhiJieStarter on DESKTOP-1BCMDRV with PID 12592 (C:\gysgong\waikuai_git\qinzhijie\qinZhiJie\target\classes started by YuanSongGong in C:\gysgong\waikuai_git\qinzhijie\qinZhiJie)
[2018-12-25 12:29:45.640][restartedMain][INFO][org.springframework.boot.SpringApplication][654]:No active profile set, falling back to default profiles: default
[2018-12-25 12:29:45.645][restartedMain][INFO][org.springframework.context.support.AbstractApplicationContext][588]:Refreshing org.springframework.boot.web.servlet.context.AnnotationConfigServletWebServerApplicationContext@45f068f4: startup date [Tue Dec 25 12:29:45 CST 2018]; root of context hierarchy
[2018-12-25 12:29:45.645][restartedMain][INFO][org.springframework.context.support.AbstractApplicationContext][588]:Refreshing org.springframework.boot.web.servlet.context.AnnotationConfigServletWebServerApplicationContext@45f068f4: startup date [Tue Dec 25 12:29:45 CST 2018]; root of context hierarchy
[2018-12-25 12:29:46.816][restartedMain][INFO][org.springframework.boot.web.embedded.tomcat.TomcatWebServer][91]:Tomcat initialized with port(s): 20880 (https)
[2018-12-25 12:29:46.816][restartedMain][INFO][org.springframework.boot.web.embedded.tomcat.TomcatWebServer][91]:Tomcat initialized with port(s): 20880 (https)
[2018-12-25 12:29:46.821][restartedMain][INFO][org.apache.juli.logging.DirectJDKLog][180]:Initializing ProtocolHandler ["https-jsse-nio-20880"]
[2018-12-25 12:29:46.824][restartedMain][INFO][org.apache.juli.logging.DirectJDKLog][180]:Starting service [Tomcat]
[2018-12-25 12:29:46.824][restartedMain][INFO][org.apache.juli.logging.DirectJDKLog][180]:Starting Servlet Engine: Apache Tomcat/8.5.34
[2018-12-25 12:29:46.888][localhost-startStop-1][INFO][org.apache.juli.logging.DirectJDKLog][180]:Initializing Spring embedded WebApplicationContext
[2018-12-25 12:29:46.890][localhost-startStop-1][INFO][org.springframework.boot.web.servlet.context.ServletWebServerApplicationContext][285]:Root WebApplicationContext: initialization completed in 1244 ms
[2018-12-25 12:29:46.890][localhost-startStop-1][INFO][org.springframework.boot.web.servlet.context.ServletWebServerApplicationContext][285]:Root WebApplicationContext: initialization completed in 1244 ms
[2018-12-25 12:29:46.927][localhost-startStop-1][INFO][org.springframework.boot.web.servlet.ServletRegistrationBean][187]:Servlet dispatcherServlet mapped to [/]
[2018-12-25 12:29:46.927][localhost-startStop-1][INFO][org.springframework.boot.web.servlet.ServletRegistrationBean][187]:Servlet dispatcherServlet mapped to [/]
[2018-12-25 12:29:46.929][localhost-startStop-1][INFO][org.springframework.boot.web.servlet.ServletRegistrationBean][187]:Servlet statViewServlet mapped to [/druid/*]
[2018-12-25 12:29:46.929][localhost-startStop-1][INFO][org.springframework.boot.web.servlet.ServletRegistrationBean][187]:Servlet statViewServlet mapped to [/druid/*]
[2018-12-25 12:29:46.930][localhost-startStop-1][INFO][org.springframework.boot.web.servlet.AbstractFilterRegistrationBean][245]:Mapping filter: 'characterEncodingFilter' to: [/*]
[2018-12-25 12:29:46.930][localhost-startStop-1][INFO][org.springframework.boot.web.servlet.AbstractFilterRegistrationBean][245]:Mapping filter: 'characterEncodingFilter' to: [/*]
[2018-12-25 12:29:46.930][localhost-startStop-1][INFO][org.springframework.boot.web.servlet.AbstractFilterRegistrationBean][245]:Mapping filter: 'hiddenHttpMethodFilter' to: [/*]
[2018-12-25 12:29:46.930][localhost-startStop-1][INFO][org.springframework.boot.web.servlet.AbstractFilterRegistrationBean][245]:Mapping filter: 'hiddenHttpMethodFilter' to: [/*]
[2018-12-25 12:29:46.932][localhost-startStop-1][INFO][org.springframework.boot.web.servlet.AbstractFilterRegistrationBean][245]:Mapping filter: 'httpPutFormContentFilter' to: [/*]
[2018-12-25 12:29:46.932][localhost-startStop-1][INFO][org.springframework.boot.web.servlet.AbstractFilterRegistrationBean][245]:Mapping filter: 'httpPutFormContentFilter' to: [/*]
[2018-12-25 12:29:46.935][localhost-startStop-1][INFO][org.springframework.boot.web.servlet.AbstractFilterRegistrationBean][245]:Mapping filter: 'requestContextFilter' to: [/*]
[2018-12-25 12:29:46.935][localhost-startStop-1][INFO][org.springframework.boot.web.servlet.AbstractFilterRegistrationBean][245]:Mapping filter: 'requestContextFilter' to: [/*]
[2018-12-25 12:29:46.936][localhost-startStop-1][INFO][org.springframework.boot.web.servlet.AbstractFilterRegistrationBean][258]:Mapping filter: 'webStatFilter' to urls: [/*]
[2018-12-25 12:29:46.936][localhost-startStop-1][INFO][org.springframework.boot.web.servlet.AbstractFilterRegistrationBean][258]:Mapping filter: 'webStatFilter' to urls: [/*]
[2018-12-25 12:29:47.020][restartedMain][INFO][com.alibaba.druid.spring.boot.autoconfigure.DruidDataSourceAutoConfigure][56]:Init DruidDataSource
[2018-12-25 12:29:47.085][restartedMain][INFO][com.alibaba.druid.pool.DruidDataSource][928]:{dataSource-2} inited
[2018-12-25 12:29:47.264][restartedMain][INFO][org.springframework.web.servlet.handler.AbstractUrlHandlerMapping][373]:Mapped URL path [/**/favicon.ico] onto handler of type [class org.springframework.web.servlet.resource.ResourceHttpRequestHandler]
[2018-12-25 12:29:47.264][restartedMain][INFO][org.springframework.web.servlet.handler.AbstractUrlHandlerMapping][373]:Mapped URL path [/**/favicon.ico] onto handler of type [class org.springframework.web.servlet.resource.ResourceHttpRequestHandler]
[2018-12-25 12:29:47.336][restartedMain][INFO][org.springframework.web.servlet.mvc.method.annotation.RequestMappingHandlerAdapter][588]:Looking for @ControllerAdvice: org.springframework.boot.web.servlet.context.AnnotationConfigServletWebServerApplicationContext@45f068f4: startup date [Tue Dec 25 12:29:45 CST 2018]; root of context hierarchy
[2018-12-25 12:29:47.336][restartedMain][INFO][org.springframework.web.servlet.mvc.method.annotation.RequestMappingHandlerAdapter][588]:Looking for @ControllerAdvice: org.springframework.boot.web.servlet.context.AnnotationConfigServletWebServerApplicationContext@45f068f4: startup date [Tue Dec 25 12:29:45 CST 2018]; root of context hierarchy
[2018-12-25 12:29:47.345][restartedMain][INFO][org.springframework.web.servlet.mvc.method.annotation.RequestMappingHandlerAdapter][624]:Detected ResponseBodyAdvice bean in resultWrapper
[2018-12-25 12:29:47.345][restartedMain][INFO][org.springframework.web.servlet.mvc.method.annotation.RequestMappingHandlerAdapter][624]:Detected ResponseBodyAdvice bean in resultWrapper
[2018-12-25 12:29:47.354][restartedMain][INFO][org.springframework.web.servlet.handler.AbstractHandlerMethodMapping$MappingRegistry][549]:Mapped "{[/classification/add]}" onto public com.qzj.dto.Classification com.qzj.controller.ClassificationController.add(java.util.Map<java.lang.String, java.lang.Object>)
[2018-12-25 12:29:47.354][restartedMain][INFO][org.springframework.web.servlet.handler.AbstractHandlerMethodMapping$MappingRegistry][549]:Mapped "{[/classification/add]}" onto public com.qzj.dto.Classification com.qzj.controller.ClassificationController.add(java.util.Map<java.lang.String, java.lang.Object>)
[2018-12-25 12:29:47.355][restartedMain][INFO][org.springframework.web.servlet.handler.AbstractHandlerMethodMapping$MappingRegistry][549]:Mapped "{[/classification/update]}" onto public com.qzj.dto.Classification com.qzj.controller.ClassificationController.update(java.util.Map<java.lang.String, java.lang.Object>)
[2018-12-25 12:29:47.355][restartedMain][INFO][org.springframework.web.servlet.handler.AbstractHandlerMethodMapping$MappingRegistry][549]:Mapped "{[/classification/update]}" onto public com.qzj.dto.Classification com.qzj.controller.ClassificationController.update(java.util.Map<java.lang.String, java.lang.Object>)
[2018-12-25 12:29:47.357][restartedMain][INFO][org.springframework.web.servlet.handler.AbstractHandlerMethodMapping$MappingRegistry][549]:Mapped "{[/classification/delete]}" onto public java.util.Map<java.lang.String, java.lang.Object> com.qzj.controller.ClassificationController.delete(java.util.Map<java.lang.String, java.lang.Object>)
[2018-12-25 12:29:47.357][restartedMain][INFO][org.springframework.web.servlet.handler.AbstractHandlerMethodMapping$MappingRegistry][549]:Mapped "{[/classification/delete]}" onto public java.util.Map<java.lang.String, java.lang.Object> com.qzj.controller.ClassificationController.delete(java.util.Map<java.lang.String, java.lang.Object>)
[2018-12-25 12:29:47.363][restartedMain][INFO][org.springframework.web.servlet.handler.AbstractHandlerMethodMapping$MappingRegistry][549]:Mapped "{[/classification/getlist]}" onto public java.util.List<com.qzj.dto.Classification> com.qzj.controller.ClassificationController.getlist(java.util.Map<java.lang.String, java.lang.Object>)
[2018-12-25 12:29:47.363][restartedMain][INFO][org.springframework.web.servlet.handler.AbstractHandlerMethodMapping$MappingRegistry][549]:Mapped "{[/classification/getlist]}" onto public java.util.List<com.qzj.dto.Classification> com.qzj.controller.ClassificationController.getlist(java.util.Map<java.lang.String, java.lang.Object>)
[2018-12-25 12:29:47.365][restartedMain][INFO][org.springframework.web.servlet.handler.AbstractHandlerMethodMapping$MappingRegistry][549]:Mapped "{[/classification/getlistbyparam]}" onto public java.util.List<com.qzj.dto.Classification> com.qzj.controller.ClassificationController.getlistByParam(java.util.Map<java.lang.String, java.lang.Object>)
[2018-12-25 12:29:47.365][restartedMain][INFO][org.springframework.web.servlet.handler.AbstractHandlerMethodMapping$MappingRegistry][549]:Mapped "{[/classification/getlistbyparam]}" onto public java.util.List<com.qzj.dto.Classification> com.qzj.controller.ClassificationController.getlistByParam(java.util.Map<java.lang.String, java.lang.Object>)
[2018-12-25 12:29:47.367][restartedMain][INFO][org.springframework.web.servlet.handler.AbstractHandlerMethodMapping$MappingRegistry][549]:Mapped "{[/link/getlist]}" onto public java.util.List<com.qzj.dto.Interlinkage> com.qzj.controller.InterlinkageController.selectList(java.util.Map<java.lang.String, java.lang.Object>)
[2018-12-25 12:29:47.367][restartedMain][INFO][org.springframework.web.servlet.handler.AbstractHandlerMethodMapping$MappingRegistry][549]:Mapped "{[/link/getlist]}" onto public java.util.List<com.qzj.dto.Interlinkage> com.qzj.controller.InterlinkageController.selectList(java.util.Map<java.lang.String, java.lang.Object>)
[2018-12-25 12:29:47.368][restartedMain][INFO][org.springframework.web.servlet.handler.AbstractHandlerMethodMapping$MappingRegistry][549]:Mapped "{[/link/delete]}" onto public java.util.Map<java.lang.String, java.lang.Object> com.qzj.controller.InterlinkageController.deleteLink(java.util.Map<java.lang.String, java.lang.Object>)
[2018-12-25 12:29:47.368][restartedMain][INFO][org.springframework.web.servlet.handler.AbstractHandlerMethodMapping$MappingRegistry][549]:Mapped "{[/link/delete]}" onto public java.util.Map<java.lang.String, java.lang.Object> com.qzj.controller.InterlinkageController.deleteLink(java.util.Map<java.lang.String, java.lang.Object>)
[2018-12-25 12:29:47.371][restartedMain][INFO][org.springframework.web.servlet.handler.AbstractHandlerMethodMapping$MappingRegistry][549]:Mapped "{[/link/add]}" onto public java.util.Map<java.lang.String, java.lang.Object> com.qzj.controller.InterlinkageController.addLink(java.util.Map<java.lang.String, java.lang.Object>)
[2018-12-25 12:29:47.371][restartedMain][INFO][org.springframework.web.servlet.handler.AbstractHandlerMethodMapping$MappingRegistry][549]:Mapped "{[/link/add]}" onto public java.util.Map<java.lang.String, java.lang.Object> com.qzj.controller.InterlinkageController.addLink(java.util.Map<java.lang.String, java.lang.Object>)
[2018-12-25 12:29:47.373][restartedMain][INFO][org.springframework.web.servlet.handler.AbstractHandlerMethodMapping$MappingRegistry][549]:Mapped "{[/link/update]}" onto public java.util.Map<java.lang.String, java.lang.Object> com.qzj.controller.InterlinkageController.updateLink(java.util.Map<java.lang.String, java.lang.Object>)
[2018-12-25 12:29:47.373][restartedMain][INFO][org.springframework.web.servlet.handler.AbstractHandlerMethodMapping$MappingRegistry][549]:Mapped "{[/link/update]}" onto public java.util.Map<java.lang.String, java.lang.Object> com.qzj.controller.InterlinkageController.updateLink(java.util.Map<java.lang.String, java.lang.Object>)
[2018-12-25 12:29:47.377][restartedMain][INFO][org.springframework.web.servlet.handler.AbstractHandlerMethodMapping$MappingRegistry][549]:Mapped "{[/logger/x]}" onto public com.qzj.dto.LoggerTest com.qzj.controller.LoggerController.xslsheet()
[2018-12-25 12:29:47.377][restartedMain][INFO][org.springframework.web.servlet.handler.AbstractHandlerMethodMapping$MappingRegistry][549]:Mapped "{[/logger/x]}" onto public com.qzj.dto.LoggerTest com.qzj.controller.LoggerController.xslsheet()
[2018-12-25 12:29:47.381][restartedMain][INFO][org.springframework.web.servlet.handler.AbstractHandlerMethodMapping$MappingRegistry][549]:Mapped "{[/member/add],methods=[POST]}" onto public com.qzj.commos.vo.ResponseData<com.qzj.dto.PageResult<com.qzj.dto.Member>> com.qzj.controller.MemberController.add(com.qzj.dto.Member,javax.servlet.http.HttpServletRequest)
[2018-12-25 12:29:47.381][restartedMain][INFO][org.springframework.web.servlet.handler.AbstractHandlerMethodMapping$MappingRegistry][549]:Mapped "{[/member/add],methods=[POST]}" onto public com.qzj.commos.vo.ResponseData<com.qzj.dto.PageResult<com.qzj.dto.Member>> com.qzj.controller.MemberController.add(com.qzj.dto.Member,javax.servlet.http.HttpServletRequest)
[2018-12-25 12:29:47.382][restartedMain][INFO][org.springframework.web.servlet.handler.AbstractHandlerMethodMapping$MappingRegistry][549]:Mapped "{[/member/update],methods=[POST]}" onto public com.qzj.commos.vo.ResponseData<com.qzj.dto.PageResult<com.qzj.dto.Member>> com.qzj.controller.MemberController.update(com.qzj.dto.Member,javax.servlet.http.HttpServletRequest)
[2018-12-25 12:29:47.382][restartedMain][INFO][org.springframework.web.servlet.handler.AbstractHandlerMethodMapping$MappingRegistry][549]:Mapped "{[/member/update],methods=[POST]}" onto public com.qzj.commos.vo.ResponseData<com.qzj.dto.PageResult<com.qzj.dto.Member>> com.qzj.controller.MemberController.update(com.qzj.dto.Member,javax.servlet.http.HttpServletRequest)
[2018-12-25 12:29:47.384][restartedMain][INFO][org.springframework.web.servlet.handler.AbstractHandlerMethodMapping$MappingRegistry][549]:Mapped "{[/member/delete],methods=[GET]}" onto public com.qzj.commos.vo.ResponseData<com.qzj.dto.PageResult<com.qzj.dto.Member>> com.qzj.controller.MemberController.delete(java.lang.String,javax.servlet.http.HttpServletRequest)
[2018-12-25 12:29:47.384][restartedMain][INFO][org.springframework.web.servlet.handler.AbstractHandlerMethodMapping$MappingRegistry][549]:Mapped "{[/member/delete],methods=[GET]}" onto public com.qzj.commos.vo.ResponseData<com.qzj.dto.PageResult<com.qzj.dto.Member>> com.qzj.controller.MemberController.delete(java.lang.String,javax.servlet.http.HttpServletRequest)
[2018-12-25 12:29:47.385][restartedMain][INFO][org.springframework.web.servlet.handler.AbstractHandlerMethodMapping$MappingRegistry][549]:Mapped "{[/member/getList],methods=[POST]}" onto public com.qzj.commos.vo.ResponseData<com.qzj.dto.PageResult<com.qzj.dto.Member>> com.qzj.controller.MemberController.memberList(com.qzj.dto.PageRequest,javax.servlet.http.HttpServletRequest)
[2018-12-25 12:29:47.385][restartedMain][INFO][org.springframework.web.servlet.handler.AbstractHandlerMethodMapping$MappingRegistry][549]:Mapped "{[/member/getList],methods=[POST]}" onto public com.qzj.commos.vo.ResponseData<com.qzj.dto.PageResult<com.qzj.dto.Member>> com.qzj.controller.MemberController.memberList(com.qzj.dto.PageRequest,javax.servlet.http.HttpServletRequest)
[2018-12-25 12:29:47.388][restartedMain][INFO][org.springframework.web.servlet.handler.AbstractHandlerMethodMapping$MappingRegistry][549]:Mapped "{[/user/add]}" onto public java.util.Map<java.lang.String, java.lang.Object> com.qzj.controller.UserController.addUser(java.util.Map<java.lang.String, java.lang.Object>)
[2018-12-25 12:29:47.388][restartedMain][INFO][org.springframework.web.servlet.handler.AbstractHandlerMethodMapping$MappingRegistry][549]:Mapped "{[/user/add]}" onto public java.util.Map<java.lang.String, java.lang.Object> com.qzj.controller.UserController.addUser(java.util.Map<java.lang.String, java.lang.Object>)
[2018-12-25 12:29:47.390][restartedMain][INFO][org.springframework.web.servlet.handler.AbstractHandlerMethodMapping$MappingRegistry][549]:Mapped "{[/user/login]}" onto public java.util.Map<java.lang.String, java.lang.Object> com.qzj.controller.UserController.login(java.util.Map<java.lang.String, java.lang.Object>)
[2018-12-25 12:29:47.390][restartedMain][INFO][org.springframework.web.servlet.handler.AbstractHandlerMethodMapping$MappingRegistry][549]:Mapped "{[/user/login]}" onto public java.util.Map<java.lang.String, java.lang.Object> com.qzj.controller.UserController.login(java.util.Map<java.lang.String, java.lang.Object>)
[2018-12-25 12:29:47.393][restartedMain][INFO][org.springframework.web.servlet.handler.AbstractHandlerMethodMapping$MappingRegistry][549]:Mapped "{[/user/update]}" onto public java.util.Map<java.lang.String, java.lang.Object> com.qzj.controller.UserController.updateUser(java.util.Map<java.lang.String, java.lang.Object>)
[2018-12-25 12:29:47.393][restartedMain][INFO][org.springframework.web.servlet.handler.AbstractHandlerMethodMapping$MappingRegistry][549]:Mapped "{[/user/update]}" onto public java.util.Map<java.lang.String, java.lang.Object> com.qzj.controller.UserController.updateUser(java.util.Map<java.lang.String, java.lang.Object>)
[2018-12-25 12:29:47.397][restartedMain][INFO][org.springframework.web.servlet.handler.AbstractHandlerMethodMapping$MappingRegistry][549]:Mapped "{[/user/delete]}" onto public java.util.Map<java.lang.String, java.lang.Object> com.qzj.controller.UserController.deleteUser(java.util.Map<java.lang.String, java.lang.Object>)
[2018-12-25 12:29:47.397][restartedMain][INFO][org.springframework.web.servlet.handler.AbstractHandlerMethodMapping$MappingRegistry][549]:Mapped "{[/user/delete]}" onto public java.util.Map<java.lang.String, java.lang.Object> com.qzj.controller.UserController.deleteUser(java.util.Map<java.lang.String, java.lang.Object>)
[2018-12-25 12:29:47.404][restartedMain][INFO][org.springframework.web.servlet.handler.AbstractHandlerMethodMapping$MappingRegistry][549]:Mapped "{[/error]}" onto public org.springframework.http.ResponseEntity<java.util.Map<java.lang.String, java.lang.Object>> org.springframework.boot.autoconfigure.web.servlet.error.BasicErrorController.error(javax.servlet.http.HttpServletRequest)
[2018-12-25 12:29:47.404][restartedMain][INFO][org.springframework.web.servlet.handler.AbstractHandlerMethodMapping$MappingRegistry][549]:Mapped "{[/error]}" onto public org.springframework.http.ResponseEntity<java.util.Map<java.lang.String, java.lang.Object>> org.springframework.boot.autoconfigure.web.servlet.error.BasicErrorController.error(javax.servlet.http.HttpServletRequest)
[2018-12-25 12:29:47.407][restartedMain][INFO][org.springframework.web.servlet.handler.AbstractHandlerMethodMapping$MappingRegistry][549]:Mapped "{[/error],produces=[text/html]}" onto public org.springframework.web.servlet.ModelAndView org.springframework.boot.autoconfigure.web.servlet.error.BasicErrorController.errorHtml(javax.servlet.http.HttpServletRequest,javax.servlet.http.HttpServletResponse)
[2018-12-25 12:29:47.407][restartedMain][INFO][org.springframework.web.servlet.handler.AbstractHandlerMethodMapping$MappingRegistry][549]:Mapped "{[/error],produces=[text/html]}" onto public org.springframework.web.servlet.ModelAndView org.springframework.boot.autoconfigure.web.servlet.error.BasicErrorController.errorHtml(javax.servlet.http.HttpServletRequest,javax.servlet.http.HttpServletResponse)
[2018-12-25 12:29:47.422][restartedMain][INFO][org.springframework.web.servlet.handler.AbstractUrlHandlerMapping][373]:Mapped URL path [/webjars/**] onto handler of type [class org.springframework.web.servlet.resource.ResourceHttpRequestHandler]
[2018-12-25 12:29:47.422][restartedMain][INFO][org.springframework.web.servlet.handler.AbstractUrlHandlerMapping][373]:Mapped URL path [/webjars/**] onto handler of type [class org.springframework.web.servlet.resource.ResourceHttpRequestHandler]
[2018-12-25 12:29:47.423][restartedMain][INFO][org.springframework.web.servlet.handler.AbstractUrlHandlerMapping][373]:Mapped URL path [/**] onto handler of type [class org.springframework.web.servlet.resource.ResourceHttpRequestHandler]
[2018-12-25 12:29:47.423][restartedMain][INFO][org.springframework.web.servlet.handler.AbstractUrlHandlerMapping][373]:Mapped URL path [/**] onto handler of type [class org.springframework.web.servlet.resource.ResourceHttpRequestHandler]
[2018-12-25 12:29:47.435][restartedMain][INFO][org.springframework.web.servlet.mvc.method.annotation.ExceptionHandlerExceptionResolver][288]:Detected @ExceptionHandler methods in exceptionResolver
[2018-12-25 12:29:47.435][restartedMain][INFO][org.springframework.web.servlet.mvc.method.annotation.ExceptionHandlerExceptionResolver][288]:Detected @ExceptionHandler methods in exceptionResolver
[2018-12-25 12:29:47.437][restartedMain][INFO][org.springframework.web.servlet.mvc.method.annotation.ExceptionHandlerExceptionResolver][294]:Detected ResponseBodyAdvice implementation in resultWrapper
[2018-12-25 12:29:47.437][restartedMain][INFO][org.springframework.web.servlet.mvc.method.annotation.ExceptionHandlerExceptionResolver][294]:Detected ResponseBodyAdvice implementation in resultWrapper
[2018-12-25 12:29:47.536][restartedMain][INFO][org.springframework.boot.devtools.autoconfigure.OptionalLiveReloadServer][57]:LiveReload server is running on port 35729
[2018-12-25 12:29:47.536][restartedMain][INFO][org.springframework.boot.devtools.autoconfigure.OptionalLiveReloadServer][57]:LiveReload server is running on port 35729
[2018-12-25 12:29:47.590][restartedMain][INFO][org.springframework.jmx.export.MBeanExporter][433]:Registering beans for JMX exposure on startup
[2018-12-25 12:29:47.590][restartedMain][INFO][org.springframework.jmx.export.MBeanExporter][433]:Registering beans for JMX exposure on startup
[2018-12-25 12:29:47.592][restartedMain][INFO][org.springframework.jmx.export.MBeanExporter][895]:Bean with name 'statFilter' has been autodetected for JMX exposure
[2018-12-25 12:29:47.592][restartedMain][INFO][org.springframework.jmx.export.MBeanExporter][895]:Bean with name 'statFilter' has been autodetected for JMX exposure
[2018-12-25 12:29:47.592][restartedMain][INFO][org.springframework.jmx.export.MBeanExporter][895]:Bean with name 'dataSource' has been autodetected for JMX exposure
[2018-12-25 12:29:47.592][restartedMain][INFO][org.springframework.jmx.export.MBeanExporter][895]:Bean with name 'dataSource' has been autodetected for JMX exposure
[2018-12-25 12:29:47.598][restartedMain][INFO][org.springframework.jmx.export.MBeanExporter][668]:Located MBean 'dataSource': registering with JMX server as MBean [com.alibaba.druid.spring.boot.autoconfigure:name=dataSource,type=DruidDataSourceWrapper]
[2018-12-25 12:29:47.598][restartedMain][INFO][org.springframework.jmx.export.MBeanExporter][668]:Located MBean 'dataSource': registering with JMX server as MBean [com.alibaba.druid.spring.boot.autoconfigure:name=dataSource,type=DruidDataSourceWrapper]
[2018-12-25 12:29:47.600][restartedMain][INFO][org.springframework.jmx.export.MBeanExporter][668]:Located MBean 'statFilter': registering with JMX server as MBean [com.alibaba.druid.filter.stat:name=statFilter,type=StatFilter]
[2018-12-25 12:29:47.600][restartedMain][INFO][org.springframework.jmx.export.MBeanExporter][668]:Located MBean 'statFilter': registering with JMX server as MBean [com.alibaba.druid.filter.stat:name=statFilter,type=StatFilter]
[2018-12-25 12:29:47.607][restartedMain][INFO][org.apache.juli.logging.DirectJDKLog][180]:Starting ProtocolHandler ["https-jsse-nio-20880"]
[2018-12-25 12:29:47.616][restartedMain][INFO][org.apache.juli.logging.DirectJDKLog][180]:Using a shared selector for servlet write/read
[2018-12-25 12:29:47.636][restartedMain][INFO][org.springframework.boot.web.embedded.tomcat.TomcatWebServer][206]:Tomcat started on port(s): 20880 (https) with context path ''
[2018-12-25 12:29:47.636][restartedMain][INFO][org.springframework.boot.web.embedded.tomcat.TomcatWebServer][206]:Tomcat started on port(s): 20880 (https) with context path ''
[2018-12-25 12:29:47.640][restartedMain][INFO][org.springframework.boot.StartupInfoLogger][59]:Started QinZhiJieStarter in 2.099 seconds (JVM running for 887.943)
[2018-12-25 12:29:47.646][restartedMain][INFO][org.springframework.boot.devtools.autoconfigure.ConditionEvaluationDeltaLoggingListener][56]:Condition evaluation unchanged
[2018-12-25 12:29:47.646][restartedMain][INFO][org.springframework.boot.devtools.autoconfigure.ConditionEvaluationDeltaLoggingListener][56]:Condition evaluation unchanged
[2018-12-25 12:30:20.579][Thread-10][INFO][org.springframework.context.support.AbstractApplicationContext][991]:Closing org.springframework.boot.web.servlet.context.AnnotationConfigServletWebServerApplicationContext@45f068f4: startup date [Tue Dec 25 12:29:45 CST 2018]; root of context hierarchy
[2018-12-25 12:30:20.579][Thread-10][INFO][org.springframework.context.support.AbstractApplicationContext][991]:Closing org.springframework.boot.web.servlet.context.AnnotationConfigServletWebServerApplicationContext@45f068f4: startup date [Tue Dec 25 12:29:45 CST 2018]; root of context hierarchy
[2018-12-25 12:30:20.583][Thread-10][INFO][org.springframework.jmx.export.MBeanExporter][451]:Unregistering JMX-exposed beans on shutdown
[2018-12-25 12:30:20.583][Thread-10][INFO][org.springframework.jmx.export.MBeanExporter][451]:Unregistering JMX-exposed beans on shutdown
[2018-12-25 12:30:20.586][Thread-10][INFO][org.springframework.jmx.support.MBeanRegistrationSupport][185]:Unregistering JMX-exposed beans
[2018-12-25 12:30:20.586][Thread-10][INFO][org.springframework.jmx.support.MBeanRegistrationSupport][185]:Unregistering JMX-exposed beans
[2018-12-25 12:30:20.592][Thread-10][INFO][com.alibaba.druid.pool.DruidDataSource][1823]:{dataSource-2} closed
[2018-12-25 12:30:21.035][restartedMain][INFO][org.springframework.boot.StartupInfoLogger][50]:Starting QinZhiJieStarter on DESKTOP-1BCMDRV with PID 12592 (C:\gysgong\waikuai_git\qinzhijie\qinZhiJie\target\classes started by YuanSongGong in C:\gysgong\waikuai_git\qinzhijie\qinZhiJie)
[2018-12-25 12:30:21.035][restartedMain][INFO][org.springframework.boot.SpringApplication][654]:No active profile set, falling back to default profiles: default
[2018-12-25 12:30:21.040][restartedMain][INFO][org.springframework.context.support.AbstractApplicationContext][588]:Refreshing org.springframework.boot.web.servlet.context.AnnotationConfigServletWebServerApplicationContext@89e1f1a: startup date [Tue Dec 25 12:30:21 CST 2018]; root of context hierarchy
[2018-12-25 12:30:21.040][restartedMain][INFO][org.springframework.context.support.AbstractApplicationContext][588]:Refreshing org.springframework.boot.web.servlet.context.AnnotationConfigServletWebServerApplicationContext@89e1f1a: startup date [Tue Dec 25 12:30:21 CST 2018]; root of context hierarchy
[2018-12-25 12:30:22.552][restartedMain][INFO][org.springframework.boot.web.embedded.tomcat.TomcatWebServer][91]:Tomcat initialized with port(s): 20880 (https)
[2018-12-25 12:30:22.552][restartedMain][INFO][org.springframework.boot.web.embedded.tomcat.TomcatWebServer][91]:Tomcat initialized with port(s): 20880 (https)
[2018-12-25 12:30:22.554][restartedMain][INFO][org.apache.juli.logging.DirectJDKLog][180]:Initializing ProtocolHandler ["https-jsse-nio-20880"]
[2018-12-25 12:30:22.557][restartedMain][INFO][org.apache.juli.logging.DirectJDKLog][180]:Starting service [Tomcat]
[2018-12-25 12:30:22.559][restartedMain][INFO][org.apache.juli.logging.DirectJDKLog][180]:Starting Servlet Engine: Apache Tomcat/8.5.34
[2018-12-25 12:30:22.606][localhost-startStop-1][INFO][org.apache.juli.logging.DirectJDKLog][180]:Initializing Spring embedded WebApplicationContext
[2018-12-25 12:30:22.606][localhost-startStop-1][INFO][org.springframework.boot.web.servlet.context.ServletWebServerApplicationContext][285]:Root WebApplicationContext: initialization completed in 1566 ms
[2018-12-25 12:30:22.606][localhost-startStop-1][INFO][org.springframework.boot.web.servlet.context.ServletWebServerApplicationContext][285]:Root WebApplicationContext: initialization completed in 1566 ms
[2018-12-25 12:30:22.644][localhost-startStop-1][INFO][org.springframework.boot.web.servlet.ServletRegistrationBean][187]:Servlet dispatcherServlet mapped to [/]
[2018-12-25 12:30:22.644][localhost-startStop-1][INFO][org.springframework.boot.web.servlet.ServletRegistrationBean][187]:Servlet dispatcherServlet mapped to [/]
[2018-12-25 12:30:22.645][localhost-startStop-1][INFO][org.springframework.boot.web.servlet.ServletRegistrationBean][187]:Servlet statViewServlet mapped to [/druid/*]
[2018-12-25 12:30:22.645][localhost-startStop-1][INFO][org.springframework.boot.web.servlet.ServletRegistrationBean][187]:Servlet statViewServlet mapped to [/druid/*]
[2018-12-25 12:30:22.646][localhost-startStop-1][INFO][org.springframework.boot.web.servlet.AbstractFilterRegistrationBean][245]:Mapping filter: 'characterEncodingFilter' to: [/*]
[2018-12-25 12:30:22.646][localhost-startStop-1][INFO][org.springframework.boot.web.servlet.AbstractFilterRegistrationBean][245]:Mapping filter: 'characterEncodingFilter' to: [/*]
[2018-12-25 12:30:22.646][localhost-startStop-1][INFO][org.springframework.boot.web.servlet.AbstractFilterRegistrationBean][245]:Mapping filter: 'hiddenHttpMethodFilter' to: [/*]
[2018-12-25 12:30:22.646][localhost-startStop-1][INFO][org.springframework.boot.web.servlet.AbstractFilterRegistrationBean][245]:Mapping filter: 'hiddenHttpMethodFilter' to: [/*]
[2018-12-25 12:30:22.648][localhost-startStop-1][INFO][org.springframework.boot.web.servlet.AbstractFilterRegistrationBean][245]:Mapping filter: 'httpPutFormContentFilter' to: [/*]
[2018-12-25 12:30:22.648][localhost-startStop-1][INFO][org.springframework.boot.web.servlet.AbstractFilterRegistrationBean][245]:Mapping filter: 'httpPutFormContentFilter' to: [/*]
[2018-12-25 12:30:22.649][localhost-startStop-1][INFO][org.springframework.boot.web.servlet.AbstractFilterRegistrationBean][245]:Mapping filter: 'requestContextFilter' to: [/*]
[2018-12-25 12:30:22.649][localhost-startStop-1][INFO][org.springframework.boot.web.servlet.AbstractFilterRegistrationBean][245]:Mapping filter: 'requestContextFilter' to: [/*]
[2018-12-25 12:30:22.651][localhost-startStop-1][INFO][org.springframework.boot.web.servlet.AbstractFilterRegistrationBean][258]:Mapping filter: 'webStatFilter' to urls: [/*]
[2018-12-25 12:30:22.651][localhost-startStop-1][INFO][org.springframework.boot.web.servlet.AbstractFilterRegistrationBean][258]:Mapping filter: 'webStatFilter' to urls: [/*]
[2018-12-25 12:30:22.816][restartedMain][INFO][com.alibaba.druid.spring.boot.autoconfigure.DruidDataSourceAutoConfigure][56]:Init DruidDataSource
[2018-12-25 12:30:22.899][restartedMain][INFO][com.alibaba.druid.pool.DruidDataSource][928]:{dataSource-3} inited
[2018-12-25 12:30:23.107][restartedMain][INFO][org.springframework.web.servlet.handler.AbstractUrlHandlerMapping][373]:Mapped URL path [/**/favicon.ico] onto handler of type [class org.springframework.web.servlet.resource.ResourceHttpRequestHandler]
[2018-12-25 12:30:23.107][restartedMain][INFO][org.springframework.web.servlet.handler.AbstractUrlHandlerMapping][373]:Mapped URL path [/**/favicon.ico] onto handler of type [class org.springframework.web.servlet.resource.ResourceHttpRequestHandler]
[2018-12-25 12:30:23.187][restartedMain][INFO][org.springframework.web.servlet.mvc.method.annotation.RequestMappingHandlerAdapter][588]:Looking for @ControllerAdvice: org.springframework.boot.web.servlet.context.AnnotationConfigServletWebServerApplicationContext@89e1f1a: startup date [Tue Dec 25 12:30:21 CST 2018]; root of context hierarchy
[2018-12-25 12:30:23.187][restartedMain][INFO][org.springframework.web.servlet.mvc.method.annotation.RequestMappingHandlerAdapter][588]:Looking for @ControllerAdvice: org.springframework.boot.web.servlet.context.AnnotationConfigServletWebServerApplicationContext@89e1f1a: startup date [Tue Dec 25 12:30:21 CST 2018]; root of context hierarchy
[2018-12-25 12:30:23.193][restartedMain][INFO][org.springframework.web.servlet.mvc.method.annotation.RequestMappingHandlerAdapter][624]:Detected ResponseBodyAdvice bean in resultWrapper
[2018-12-25 12:30:23.193][restartedMain][INFO][org.springframework.web.servlet.mvc.method.annotation.RequestMappingHandlerAdapter][624]:Detected ResponseBodyAdvice bean in resultWrapper
[2018-12-25 12:30:23.206][restartedMain][INFO][org.springframework.web.servlet.handler.AbstractHandlerMethodMapping$MappingRegistry][549]:Mapped "{[/classification/add]}" onto public com.qzj.dto.Classification com.qzj.controller.ClassificationController.add(java.util.Map<java.lang.String, java.lang.Object>)
[2018-12-25 12:30:23.206][restartedMain][INFO][org.springframework.web.servlet.handler.AbstractHandlerMethodMapping$MappingRegistry][549]:Mapped "{[/classification/add]}" onto public com.qzj.dto.Classification com.qzj.controller.ClassificationController.add(java.util.Map<java.lang.String, java.lang.Object>)
[2018-12-25 12:30:23.208][restartedMain][INFO][org.springframework.web.servlet.handler.AbstractHandlerMethodMapping$MappingRegistry][549]:Mapped "{[/classification/update]}" onto public com.qzj.dto.Classification com.qzj.controller.ClassificationController.update(java.util.Map<java.lang.String, java.lang.Object>)
[2018-12-25 12:30:23.208][restartedMain][INFO][org.springframework.web.servlet.handler.AbstractHandlerMethodMapping$MappingRegistry][549]:Mapped "{[/classification/update]}" onto public com.qzj.dto.Classification com.qzj.controller.ClassificationController.update(java.util.Map<java.lang.String, java.lang.Object>)
[2018-12-25 12:30:23.210][restartedMain][INFO][org.springframework.web.servlet.handler.AbstractHandlerMethodMapping$MappingRegistry][549]:Mapped "{[/classification/delete]}" onto public java.util.Map<java.lang.String, java.lang.Object> com.qzj.controller.ClassificationController.delete(java.util.Map<java.lang.String, java.lang.Object>)
[2018-12-25 12:30:23.210][restartedMain][INFO][org.springframework.web.servlet.handler.AbstractHandlerMethodMapping$MappingRegistry][549]:Mapped "{[/classification/delete]}" onto public java.util.Map<java.lang.String, java.lang.Object> com.qzj.controller.ClassificationController.delete(java.util.Map<java.lang.String, java.lang.Object>)
[2018-12-25 12:30:23.212][restartedMain][INFO][org.springframework.web.servlet.handler.AbstractHandlerMethodMapping$MappingRegistry][549]:Mapped "{[/classification/getlist]}" onto public java.util.List<com.qzj.dto.Classification> com.qzj.controller.ClassificationController.getlist(java.util.Map<java.lang.String, java.lang.Object>)
[2018-12-25 12:30:23.212][restartedMain][INFO][org.springframework.web.servlet.handler.AbstractHandlerMethodMapping$MappingRegistry][549]:Mapped "{[/classification/getlist]}" onto public java.util.List<com.qzj.dto.Classification> com.qzj.controller.ClassificationController.getlist(java.util.Map<java.lang.String, java.lang.Object>)
[2018-12-25 12:30:23.213][restartedMain][INFO][org.springframework.web.servlet.handler.AbstractHandlerMethodMapping$MappingRegistry][549]:Mapped "{[/classification/getlistbyparam]}" onto public java.util.List<com.qzj.dto.Classification> com.qzj.controller.ClassificationController.getlistByParam(java.util.Map<java.lang.String, java.lang.Object>)
[2018-12-25 12:30:23.213][restartedMain][INFO][org.springframework.web.servlet.handler.AbstractHandlerMethodMapping$MappingRegistry][549]:Mapped "{[/classification/getlistbyparam]}" onto public java.util.List<com.qzj.dto.Classification> com.qzj.controller.ClassificationController.getlistByParam(java.util.Map<java.lang.String, java.lang.Object>)
[2018-12-25 12:30:23.216][restartedMain][INFO][org.springframework.web.servlet.handler.AbstractHandlerMethodMapping$MappingRegistry][549]:Mapped "{[/link/getlist]}" onto public java.util.List<com.qzj.dto.Interlinkage> com.qzj.controller.InterlinkageController.selectList(java.util.Map<java.lang.String, java.lang.Object>)
[2018-12-25 12:30:23.216][restartedMain][INFO][org.springframework.web.servlet.handler.AbstractHandlerMethodMapping$MappingRegistry][549]:Mapped "{[/link/getlist]}" onto public java.util.List<com.qzj.dto.Interlinkage> com.qzj.controller.InterlinkageController.selectList(java.util.Map<java.lang.String, java.lang.Object>)
[2018-12-25 12:30:23.220][restartedMain][INFO][org.springframework.web.servlet.handler.AbstractHandlerMethodMapping$MappingRegistry][549]:Mapped "{[/link/delete]}" onto public java.util.Map<java.lang.String, java.lang.Object> com.qzj.controller.InterlinkageController.deleteLink(java.util.Map<java.lang.String, java.lang.Object>)
[2018-12-25 12:30:23.220][restartedMain][INFO][org.springframework.web.servlet.handler.AbstractHandlerMethodMapping$MappingRegistry][549]:Mapped "{[/link/delete]}" onto public java.util.Map<java.lang.String, java.lang.Object> com.qzj.controller.InterlinkageController.deleteLink(java.util.Map<java.lang.String, java.lang.Object>)
[2018-12-25 12:30:23.221][restartedMain][INFO][org.springframework.web.servlet.handler.AbstractHandlerMethodMapping$MappingRegistry][549]:Mapped "{[/link/add]}" onto public java.util.Map<java.lang.String, java.lang.Object> com.qzj.controller.InterlinkageController.addLink(java.util.Map<java.lang.String, java.lang.Object>)
[2018-12-25 12:30:23.221][restartedMain][INFO][org.springframework.web.servlet.handler.AbstractHandlerMethodMapping$MappingRegistry][549]:Mapped "{[/link/add]}" onto public java.util.Map<java.lang.String, java.lang.Object> com.qzj.controller.InterlinkageController.addLink(java.util.Map<java.lang.String, java.lang.Object>)
[2018-12-25 12:30:23.224][restartedMain][INFO][org.springframework.web.servlet.handler.AbstractHandlerMethodMapping$MappingRegistry][549]:Mapped "{[/link/update]}" onto public java.util.Map<java.lang.String, java.lang.Object> com.qzj.controller.InterlinkageController.updateLink(java.util.Map<java.lang.String, java.lang.Object>)
[2018-12-25 12:30:23.224][restartedMain][INFO][org.springframework.web.servlet.handler.AbstractHandlerMethodMapping$MappingRegistry][549]:Mapped "{[/link/update]}" onto public java.util.Map<java.lang.String, java.lang.Object> com.qzj.controller.InterlinkageController.updateLink(java.util.Map<java.lang.String, java.lang.Object>)
[2018-12-25 12:30:23.225][restartedMain][INFO][org.springframework.web.servlet.handler.AbstractHandlerMethodMapping$MappingRegistry][549]:Mapped "{[/logger/x]}" onto public com.qzj.dto.LoggerTest com.qzj.controller.LoggerController.xslsheet()
[2018-12-25 12:30:23.225][restartedMain][INFO][org.springframework.web.servlet.handler.AbstractHandlerMethodMapping$MappingRegistry][549]:Mapped "{[/logger/x]}" onto public com.qzj.dto.LoggerTest com.qzj.controller.LoggerController.xslsheet()
[2018-12-25 12:30:23.226][restartedMain][INFO][org.springframework.web.servlet.handler.AbstractHandlerMethodMapping$MappingRegistry][549]:Mapped "{[/member/add],methods=[POST]}" onto public com.qzj.commos.vo.ResponseData<com.qzj.dto.PageResult<com.qzj.dto.Member>> com.qzj.controller.MemberController.add(com.qzj.dto.Member,javax.servlet.http.HttpServletRequest)
[2018-12-25 12:30:23.226][restartedMain][INFO][org.springframework.web.servlet.handler.AbstractHandlerMethodMapping$MappingRegistry][549]:Mapped "{[/member/add],methods=[POST]}" onto public com.qzj.commos.vo.ResponseData<com.qzj.dto.PageResult<com.qzj.dto.Member>> com.qzj.controller.MemberController.add(com.qzj.dto.Member,javax.servlet.http.HttpServletRequest)
[2018-12-25 12:30:23.230][restartedMain][INFO][org.springframework.web.servlet.handler.AbstractHandlerMethodMapping$MappingRegistry][549]:Mapped "{[/member/update],methods=[POST]}" onto public com.qzj.commos.vo.ResponseData<com.qzj.dto.PageResult<com.qzj.dto.Member>> com.qzj.controller.MemberController.update(com.qzj.dto.Member,javax.servlet.http.HttpServletRequest)
[2018-12-25 12:30:23.230][restartedMain][INFO][org.springframework.web.servlet.handler.AbstractHandlerMethodMapping$MappingRegistry][549]:Mapped "{[/member/update],methods=[POST]}" onto public com.qzj.commos.vo.ResponseData<com.qzj.dto.PageResult<com.qzj.dto.Member>> com.qzj.controller.MemberController.update(com.qzj.dto.Member,javax.servlet.http.HttpServletRequest)
[2018-12-25 12:30:23.231][restartedMain][INFO][org.springframework.web.servlet.handler.AbstractHandlerMethodMapping$MappingRegistry][549]:Mapped "{[/member/delete],methods=[GET]}" onto public com.qzj.commos.vo.ResponseData<com.qzj.dto.PageResult<com.qzj.dto.Member>> com.qzj.controller.MemberController.delete(java.lang.String,javax.servlet.http.HttpServletRequest)
[2018-12-25 12:30:23.231][restartedMain][INFO][org.springframework.web.servlet.handler.AbstractHandlerMethodMapping$MappingRegistry][549]:Mapped "{[/member/delete],methods=[GET]}" onto public com.qzj.commos.vo.ResponseData<com.qzj.dto.PageResult<com.qzj.dto.Member>> com.qzj.controller.MemberController.delete(java.lang.String,javax.servlet.http.HttpServletRequest)
[2018-12-25 12:30:23.232][restartedMain][INFO][org.springframework.web.servlet.handler.AbstractHandlerMethodMapping$MappingRegistry][549]:Mapped "{[/member/getList],methods=[POST]}" onto public com.qzj.commos.vo.ResponseData<com.qzj.dto.PageResult<com.qzj.dto.Member>> com.qzj.controller.MemberController.memberList(com.qzj.dto.PageRequest,javax.servlet.http.HttpServletRequest)
[2018-12-25 12:30:23.232][restartedMain][INFO][org.springframework.web.servlet.handler.AbstractHandlerMethodMapping$MappingRegistry][549]:Mapped "{[/member/getList],methods=[POST]}" onto public com.qzj.commos.vo.ResponseData<com.qzj.dto.PageResult<com.qzj.dto.Member>> com.qzj.controller.MemberController.memberList(com.qzj.dto.PageRequest,javax.servlet.http.HttpServletRequest)
[2018-12-25 12:30:23.233][restartedMain][INFO][org.springframework.web.servlet.handler.AbstractHandlerMethodMapping$MappingRegistry][549]:Mapped "{[/user/add]}" onto public java.util.Map<java.lang.String, java.lang.Object> com.qzj.controller.UserController.addUser(java.util.Map<java.lang.String, java.lang.Object>)
[2018-12-25 12:30:23.233][restartedMain][INFO][org.springframework.web.servlet.handler.AbstractHandlerMethodMapping$MappingRegistry][549]:Mapped "{[/user/add]}" onto public java.util.Map<java.lang.String, java.lang.Object> com.qzj.controller.UserController.addUser(java.util.Map<java.lang.String, java.lang.Object>)
[2018-12-25 12:30:23.235][restartedMain][INFO][org.springframework.web.servlet.handler.AbstractHandlerMethodMapping$MappingRegistry][549]:Mapped "{[/user/login]}" onto public java.util.Map<java.lang.String, java.lang.Object> com.qzj.controller.UserController.login(java.util.Map<java.lang.String, java.lang.Object>)
[2018-12-25 12:30:23.235][restartedMain][INFO][org.springframework.web.servlet.handler.AbstractHandlerMethodMapping$MappingRegistry][549]:Mapped "{[/user/login]}" onto public java.util.Map<java.lang.String, java.lang.Object> com.qzj.controller.UserController.login(java.util.Map<java.lang.String, java.lang.Object>)
[2018-12-25 12:30:23.236][restartedMain][INFO][org.springframework.web.servlet.handler.AbstractHandlerMethodMapping$MappingRegistry][549]:Mapped "{[/user/update]}" onto public java.util.Map<java.lang.String, java.lang.Object> com.qzj.controller.UserController.updateUser(java.util.Map<java.lang.String, java.lang.Object>)
[2018-12-25 12:30:23.236][restartedMain][INFO][org.springframework.web.servlet.handler.AbstractHandlerMethodMapping$MappingRegistry][549]:Mapped "{[/user/update]}" onto public java.util.Map<java.lang.String, java.lang.Object> com.qzj.controller.UserController.updateUser(java.util.Map<java.lang.String, java.lang.Object>)
[2018-12-25 12:30:23.237][restartedMain][INFO][org.springframework.web.servlet.handler.AbstractHandlerMethodMapping$MappingRegistry][549]:Mapped "{[/user/delete]}" onto public java.util.Map<java.lang.String, java.lang.Object> com.qzj.controller.UserController.deleteUser(java.util.Map<java.lang.String, java.lang.Object>)
[2018-12-25 12:30:23.237][restartedMain][INFO][org.springframework.web.servlet.handler.AbstractHandlerMethodMapping$MappingRegistry][549]:Mapped "{[/user/delete]}" onto public java.util.Map<java.lang.String, java.lang.Object> com.qzj.controller.UserController.deleteUser(java.util.Map<java.lang.String, java.lang.Object>)
[2018-12-25 12:30:23.251][restartedMain][INFO][org.springframework.web.servlet.handler.AbstractHandlerMethodMapping$MappingRegistry][549]:Mapped "{[/error]}" onto public org.springframework.http.ResponseEntity<java.util.Map<java.lang.String, java.lang.Object>> org.springframework.boot.autoconfigure.web.servlet.error.BasicErrorController.error(javax.servlet.http.HttpServletRequest)
[2018-12-25 12:30:23.251][restartedMain][INFO][org.springframework.web.servlet.handler.AbstractHandlerMethodMapping$MappingRegistry][549]:Mapped "{[/error]}" onto public org.springframework.http.ResponseEntity<java.util.Map<java.lang.String, java.lang.Object>> org.springframework.boot.autoconfigure.web.servlet.error.BasicErrorController.error(javax.servlet.http.HttpServletRequest)
[2018-12-25 12:30:23.252][restartedMain][INFO][org.springframework.web.servlet.handler.AbstractHandlerMethodMapping$MappingRegistry][549]:Mapped "{[/error],produces=[text/html]}" onto public org.springframework.web.servlet.ModelAndView org.springframework.boot.autoconfigure.web.servlet.error.BasicErrorController.errorHtml(javax.servlet.http.HttpServletRequest,javax.servlet.http.HttpServletResponse)
[2018-12-25 12:30:23.252][restartedMain][INFO][org.springframework.web.servlet.handler.AbstractHandlerMethodMapping$MappingRegistry][549]:Mapped "{[/error],produces=[text/html]}" onto public org.springframework.web.servlet.ModelAndView org.springframework.boot.autoconfigure.web.servlet.error.BasicErrorController.errorHtml(javax.servlet.http.HttpServletRequest,javax.servlet.http.HttpServletResponse)
[2018-12-25 12:30:23.267][restartedMain][INFO][org.springframework.web.servlet.handler.AbstractUrlHandlerMapping][373]:Mapped URL path [/webjars/**] onto handler of type [class org.springframework.web.servlet.resource.ResourceHttpRequestHandler]
[2018-12-25 12:30:23.267][restartedMain][INFO][org.springframework.web.servlet.handler.AbstractUrlHandlerMapping][373]:Mapped URL path [/webjars/**] onto handler of type [class org.springframework.web.servlet.resource.ResourceHttpRequestHandler]
[2018-12-25 12:30:23.270][restartedMain][INFO][org.springframework.web.servlet.handler.AbstractUrlHandlerMapping][373]:Mapped URL path [/**] onto handler of type [class org.springframework.web.servlet.resource.ResourceHttpRequestHandler]
[2018-12-25 12:30:23.270][restartedMain][INFO][org.springframework.web.servlet.handler.AbstractUrlHandlerMapping][373]:Mapped URL path [/**] onto handler of type [class org.springframework.web.servlet.resource.ResourceHttpRequestHandler]
[2018-12-25 12:30:23.290][restartedMain][INFO][org.springframework.web.servlet.mvc.method.annotation.ExceptionHandlerExceptionResolver][288]:Detected @ExceptionHandler methods in exceptionResolver
[2018-12-25 12:30:23.290][restartedMain][INFO][org.springframework.web.servlet.mvc.method.annotation.ExceptionHandlerExceptionResolver][288]:Detected @ExceptionHandler methods in exceptionResolver
[2018-12-25 12:30:23.291][restartedMain][INFO][org.springframework.web.servlet.mvc.method.annotation.ExceptionHandlerExceptionResolver][294]:Detected ResponseBodyAdvice implementation in resultWrapper
[2018-12-25 12:30:23.291][restartedMain][INFO][org.springframework.web.servlet.mvc.method.annotation.ExceptionHandlerExceptionResolver][294]:Detected ResponseBodyAdvice implementation in resultWrapper
[2018-12-25 12:30:23.439][restartedMain][INFO][org.springframework.boot.devtools.autoconfigure.OptionalLiveReloadServer][57]:LiveReload server is running on port 35729
[2018-12-25 12:30:23.439][restartedMain][INFO][org.springframework.boot.devtools.autoconfigure.OptionalLiveReloadServer][57]:LiveReload server is running on port 35729
[2018-12-25 12:30:23.469][restartedMain][INFO][org.springframework.jmx.export.MBeanExporter][433]:Registering beans for JMX exposure on startup
[2018-12-25 12:30:23.469][restartedMain][INFO][org.springframework.jmx.export.MBeanExporter][433]:Registering beans for JMX exposure on startup
[2018-12-25 12:30:23.474][restartedMain][INFO][org.springframework.jmx.export.MBeanExporter][895]:Bean with name 'statFilter' has been autodetected for JMX exposure
[2018-12-25 12:30:23.474][restartedMain][INFO][org.springframework.jmx.export.MBeanExporter][895]:Bean with name 'statFilter' has been autodetected for JMX exposure
[2018-12-25 12:30:23.478][restartedMain][INFO][org.springframework.jmx.export.MBeanExporter][895]:Bean with name 'dataSource' has been autodetected for JMX exposure
[2018-12-25 12:30:23.478][restartedMain][INFO][org.springframework.jmx.export.MBeanExporter][895]:Bean with name 'dataSource' has been autodetected for JMX exposure
[2018-12-25 12:30:23.485][restartedMain][INFO][org.springframework.jmx.export.MBeanExporter][668]:Located MBean 'dataSource': registering with JMX server as MBean [com.alibaba.druid.spring.boot.autoconfigure:name=dataSource,type=DruidDataSourceWrapper]
[2018-12-25 12:30:23.485][restartedMain][INFO][org.springframework.jmx.export.MBeanExporter][668]:Located MBean 'dataSource': registering with JMX server as MBean [com.alibaba.druid.spring.boot.autoconfigure:name=dataSource,type=DruidDataSourceWrapper]
[2018-12-25 12:30:23.501][restartedMain][INFO][org.springframework.jmx.export.MBeanExporter][668]:Located MBean 'statFilter': registering with JMX server as MBean [com.alibaba.druid.filter.stat:name=statFilter,type=StatFilter]
[2018-12-25 12:30:23.501][restartedMain][INFO][org.springframework.jmx.export.MBeanExporter][668]:Located MBean 'statFilter': registering with JMX server as MBean [com.alibaba.druid.filter.stat:name=statFilter,type=StatFilter]
[2018-12-25 12:30:23.508][restartedMain][INFO][org.apache.juli.logging.DirectJDKLog][180]:Starting ProtocolHandler ["https-jsse-nio-20880"]
[2018-12-25 12:30:23.519][restartedMain][INFO][org.apache.juli.logging.DirectJDKLog][180]:Using a shared selector for servlet write/read
[2018-12-25 12:30:23.535][restartedMain][INFO][org.springframework.boot.web.embedded.tomcat.TomcatWebServer][206]:Tomcat started on port(s): 20880 (https) with context path ''
[2018-12-25 12:30:23.535][restartedMain][INFO][org.springframework.boot.web.embedded.tomcat.TomcatWebServer][206]:Tomcat started on port(s): 20880 (https) with context path ''
[2018-12-25 12:30:23.538][restartedMain][INFO][org.springframework.boot.StartupInfoLogger][59]:Started QinZhiJieStarter in 2.578 seconds (JVM running for 923.84)
[2018-12-25 12:30:23.547][restartedMain][INFO][org.springframework.boot.devtools.autoconfigure.ConditionEvaluationDeltaLoggingListener][56]:Condition evaluation unchanged
[2018-12-25 12:30:23.547][restartedMain][INFO][org.springframework.boot.devtools.autoconfigure.ConditionEvaluationDeltaLoggingListener][56]:Condition evaluation unchanged
[2018-12-25 12:30:39.236][https-jsse-nio-20880-exec-3][INFO][org.apache.juli.logging.DirectJDKLog][180]:Initializing Spring FrameworkServlet 'dispatcherServlet'
[2018-12-25 12:30:39.236][https-jsse-nio-20880-exec-3][INFO][org.springframework.web.servlet.FrameworkServlet][494]:FrameworkServlet 'dispatcherServlet': initialization started
[2018-12-25 12:30:39.236][https-jsse-nio-20880-exec-3][INFO][org.springframework.web.servlet.FrameworkServlet][494]:FrameworkServlet 'dispatcherServlet': initialization started
[2018-12-25 12:30:39.241][https-jsse-nio-20880-exec-3][INFO][org.springframework.web.servlet.FrameworkServlet][509]:FrameworkServlet 'dispatcherServlet': initialization completed in 5 ms
[2018-12-25 12:30:39.241][https-jsse-nio-20880-exec-3][INFO][org.springframework.web.servlet.FrameworkServlet][509]:FrameworkServlet 'dispatcherServlet': initialization completed in 5 ms
[2018-12-25 12:31:25.239][Thread-16][INFO][org.springframework.context.support.AbstractApplicationContext][991]:Closing org.springframework.boot.web.servlet.context.AnnotationConfigServletWebServerApplicationContext@89e1f1a: startup date [Tue Dec 25 12:30:21 CST 2018]; root of context hierarchy
[2018-12-25 12:31:25.239][Thread-16][INFO][org.springframework.context.support.AbstractApplicationContext][991]:Closing org.springframework.boot.web.servlet.context.AnnotationConfigServletWebServerApplicationContext@89e1f1a: startup date [Tue Dec 25 12:30:21 CST 2018]; root of context hierarchy
[2018-12-25 12:31:25.245][Thread-16][INFO][org.springframework.jmx.export.MBeanExporter][451]:Unregistering JMX-exposed beans on shutdown
[2018-12-25 12:31:25.245][Thread-16][INFO][org.springframework.jmx.export.MBeanExporter][451]:Unregistering JMX-exposed beans on shutdown
[2018-12-25 12:31:25.246][Thread-16][INFO][org.springframework.jmx.support.MBeanRegistrationSupport][185]:Unregistering JMX-exposed beans
[2018-12-25 12:31:25.246][Thread-16][INFO][org.springframework.jmx.support.MBeanRegistrationSupport][185]:Unregistering JMX-exposed beans
[2018-12-25 12:31:25.253][Thread-16][INFO][com.alibaba.druid.pool.DruidDataSource][1823]:{dataSource-3} closed
